6691 16:15:53.291667 --- Starting bitbake server pid 6691 at 2025-02-23 16:15:53.291635 ---
6691 16:15:53.292446 Started bitbake server pid 6691
6691 16:15:53.292637 Entering server connection loop
6691 16:15:53.292658 Lockfile is: /home/mohamed-elsayed/Desktop/hello_world_example/bitbake.lock
Socket is /home/mohamed-elsayed/Desktop/hello_world_example/bitbake.sock (True)
6691 16:15:53.292962 Accepting [<socket.socket fd=4, family=AddressFamily.AF_UNIX, type=SocketKind.SOCK_STREAM, proto=0, laddr=bitbake.sock>] ([])
6691 16:15:53.293612 Processing Client
6691 16:15:53.293645 Connecting Client
6691 16:15:53.293928 Running command ['setFeatures', [2, 1]]
6691 16:15:53.293966 Sending reply (None, None)
6691 16:15:53.294037 Command Completed (socket: True)
6691 16:15:53.294671 Running command ['updateConfig', {'halt': True, 'force': False, 'invalidate_stamp': None, 'dry_run': False, 'dump_signatures': [], 'extra_assume_provided': [], 'profile': False, 'prefile': [], 'postfile': [], 'server_timeout': None, 'nosetscene': False, 'setsceneonly': False, 'skipsetscene': False, 'runall': [], 'runonly': None, 'writeeventlog': None, 'build_verbose_shell': False, 'build_verbose_stdout': False, 'default_loglevel': 20, 'debug_domains': {}}, {'SHELL': '/bin/bash', 'PWD': '/home/mohamed-elsayed/Desktop/hello_world_example', 'LOGNAME': 'mohamed-elsayed', 'HOME': '/home/mohamed-elsayed', 'USER': 'mohamed-elsayed', 'PATH': '/home/mohamed-elsayed/Desktop/bitbake:/usr/local/sbin:/usr/local/bin:/usr/sbin:/usr/bin:/sbin:/bin:/usr/games:/usr/local/games:/snap/bin:/snap/bin:/home/mohamed-elsayed/Desktop/bitbake/bin', 'LC_ALL': 'en_US.UTF-8', 'SESSION_MANAGER': 'local/mohamedelsayed-HP-ZBook-15:@/tmp/.ICE-unix/1838,unix/mohamedelsayed-HP-ZBook-15:/tmp/.ICE-unix/1838', 'QT_ACCESSIBILITY': '1', 'COLORTERM': 'truecolor', 'XDG_CONFIG_DIRS': '/etc/xdg/xdg-ubuntu:/etc/xdg', 'SSH_AGENT_LAUNCHER': 'gnome-keyring', 'XDG_MENU_PREFIX': 'gnome-', 'GNOME_DESKTOP_SESSION_ID': 'this-is-deprecated', 'LC_ADDRESS': 'ar_EG.UTF-8', 'GNOME_SHELL_SESSION_MODE': 'ubuntu', 'LC_NAME': 'ar_EG.UTF-8', 'SSH_AUTH_SOCK': '/run/user/1000/keyring/ssh', 'XMODIFIERS': '@im=ibus', 'DESKTOP_SESSION': 'ubuntu', 'LC_MONETARY': 'ar_EG.UTF-8', 'GTK_MODULES': 'gail:atk-bridge', 'XDG_SESSION_DESKTOP': 'ubuntu', 'XDG_SESSION_TYPE': 'wayland', 'SYSTEMD_EXEC_PID': '1997', 'XAUTHORITY': '/run/user/1000/.mutter-Xwaylandauth.JED312', 'USERNAME': 'mohamed-elsayed', 'IM_CONFIG_PHASE': '1', 'LC_PAPER': 'ar_EG.UTF-8', 'LANG': 'en_US.UTF-8', 'LS_COLORS': 'rs=0:di=01;34:ln=01;36:mh=00:pi=40;33:so=01;35:do=01;35:bd=40;33;01:cd=40;33;01:or=40;31;01:mi=00:su=37;41:sg=30;43:ca=30;41:tw=30;42:ow=34;42:st=37;44:ex=01;32:*.tar=01;31:*.tgz=01;31:*.arc=01;31:*.arj=01;31:*.taz=01;31:*.lha=01;31:*.lz4=01;31:*.lzh=01;31:*.lzma=01;31:*.tlz=01;31:*.txz=01;31:*.tzo=01;31:*.t7z=01;31:*.zip=01;31:*.z=01;31:*.dz=01;31:*.gz=01;31:*.lrz=01;31:*.lz=01;31:*.lzo=01;31:*.xz=01;31:*.zst=01;31:*.tzst=01;31:*.bz2=01;31:*.bz=01;31:*.tbz=01;31:*.tbz2=01;31:*.tz=01;31:*.deb=01;31:*.rpm=01;31:*.jar=01;31:*.war=01;31:*.ear=01;31:*.sar=01;31:*.rar=01;31:*.alz=01;31:*.ace=01;31:*.zoo=01;31:*.cpio=01;31:*.7z=01;31:*.rz=01;31:*.cab=01;31:*.wim=01;31:*.swm=01;31:*.dwm=01;31:*.esd=01;31:*.jpg=01;35:*.jpeg=01;35:*.mjpg=01;35:*.mjpeg=01;35:*.gif=01;35:*.bmp=01;35:*.pbm=01;35:*.pgm=01;35:*.ppm=01;35:*.tga=01;35:*.xbm=01;35:*.xpm=01;35:*.tif=01;35:*.tiff=01;35:*.png=01;35:*.svg=01;35:*.svgz=01;35:*.mng=01;35:*.pcx=01;35:*.mov=01;35:*.mpg=01;35:*.mpeg=01;35:*.m2v=01;35:*.mkv=01;35:*.webm=01;35:*.webp=01;35:*.ogm=01;35:*.mp4=01;35:*.m4v=01;35:*.mp4v=01;35:*.vob=01;35:*.qt=01;35:*.nuv=01;35:*.wmv=01;35:*.asf=01;35:*.rm=01;35:*.rmvb=01;35:*.flc=01;35:*.avi=01;35:*.fli=01;35:*.flv=01;35:*.gl=01;35:*.dl=01;35:*.xcf=01;35:*.xwd=01;35:*.yuv=01;35:*.cgm=01;35:*.emf=01;35:*.ogv=01;35:*.ogx=01;35:*.aac=00;36:*.au=00;36:*.flac=00;36:*.m4a=00;36:*.mid=00;36:*.midi=00;36:*.mka=00;36:*.mp3=00;36:*.mpc=00;36:*.ogg=00;36:*.ra=00;36:*.wav=00;36:*.oga=00;36:*.opus=00;36:*.spx=00;36:*.xspf=00;36:', 'XDG_CURRENT_DESKTOP': 'ubuntu:GNOME', 'VTE_VERSION': '6800', 'WAYLAND_DISPLAY': 'wayland-0', 'GNOME_TERMINAL_SCREEN': '/org/gnome/Terminal/screen/cd6fc108_6984_435b_8a43_4edb420a53f1', 'GNOME_SETUP_DISPLAY': ':1', 'LESSCLOSE': '/usr/bin/lesspipe %s %s', 'XDG_SESSION_CLASS': 'user', 'TERM': 'xterm-256color', 'LC_IDENTIFICATION': 'ar_EG.UTF-8', 'LESSOPEN': '| /usr/bin/lesspipe %s', 'GNOME_TERMINAL_SERVICE': ':1.117', 'DISPLAY': ':0', 'SHLVL': '1', 'LC_TELEPHONE': 'ar_EG.UTF-8', 'QT_IM_MODULE': 'ibus', 'LC_MEASUREMENT': 'ar_EG.UTF-8', 'XDG_RUNTIME_DIR': '/run/user/1000', 'LC_TIME': 'ar_EG.UTF-8', 'XDG_DATA_DIRS': '/usr/share/ubuntu:/home/mohamed-elsayed/.local/share/flatpak/exports/share:/var/lib/flatpak/exports/share:/usr/local/share/:/usr/share/:/var/lib/snapd/desktop', 'GDMSESSION': 'ubuntu', 'DBUS_SESSION_BUS_ADDRESS': 'unix:path=/run/user/1000/bus', 'LC_NUMERIC': 'ar_EG.UTF-8', 'OLDPWD': '/home/mohamed-elsayed/Desktop', '_': '/home/mohamed-elsayed/Desktop/bitbake/bin/bitbake'}, ['/home/mohamed-elsayed/Desktop/bitbake/bin/bitbake']]
6691 16:15:53.297725 Sending reply (None, 'bb.BBHandledException()\nTraceback (most recent call last):\n  File "/home/mohamed-elsayed/Desktop/bitbake/lib/bb/command.py", line 91, in runCommand\n    result = command_method(self, commandline)\n  File "/home/mohamed-elsayed/Desktop/bitbake/lib/bb/command.py", line 291, in updateConfig\n    command.cooker.updateConfigOpts(options, environment, cmdline)\n  File "/home/mohamed-elsayed/Desktop/bitbake/lib/bb/cooker.py", line 465, in updateConfigOpts\n    self.reset()\n  File "/home/mohamed-elsayed/Desktop/bitbake/lib/bb/cooker.py", line 1733, in reset\n    self.initConfigurationData()\n  File "/home/mohamed-elsayed/Desktop/bitbake/lib/bb/cooker.py", line 281, in initConfigurationData\n    self.databuilder.parseBaseConfiguration()\n  File "/home/mohamed-elsayed/Desktop/bitbake/lib/bb/cookerdata.py", line 269, in parseBaseConfiguration\n    self.data = self.parseConfigurationFiles(self.prefiles, self.postfiles)\n  File "/home/mohamed-elsayed/Desktop/bitbake/lib/bb/cookerdata.py", line 469, in parseConfigurationFiles\n    bb.fatal(msg)\n  File "/home/mohamed-elsayed/Desktop/bitbake/lib/bb/__init__.py", line 170, in fatal\n    raise BBHandledException()\nbb.BBHandledException\n')
6691 16:15:53.297821 Command Completed (socket: True)
6691 16:15:53.547776 Processing Client
6691 16:15:53.547890 Disconnecting Client (socket: True)
6691 16:15:53.548107 No timeout, exiting.
6691 16:15:54.549173 Exiting (socket: True)
6691 16:15:54.549720 Exiting as we could obtain the lock
6877 16:24:45.495372 --- Starting bitbake server pid 6877 at 2025-02-23 16:24:45.495349 ---
6877 16:24:45.496309 Started bitbake server pid 6877
6877 16:24:45.496530 Entering server connection loop
6877 16:24:45.496556 Lockfile is: /home/mohamed-elsayed/Desktop/hello_world_example/bitbake.lock
Socket is /home/mohamed-elsayed/Desktop/hello_world_example/bitbake.sock (True)
6877 16:24:45.496900 Accepting [<socket.socket fd=4, family=AddressFamily.AF_UNIX, type=SocketKind.SOCK_STREAM, proto=0, laddr=bitbake.sock>] ([])
6877 16:24:45.497551 Processing Client
6877 16:24:45.497591 Connecting Client
6877 16:24:45.497983 Running command ['setFeatures', [2, 1]]
6877 16:24:45.498053 Sending reply (None, None)
6877 16:24:45.498118 Command Completed (socket: True)
6877 16:24:45.498756 Running command ['updateConfig', {'halt': True, 'force': False, 'invalidate_stamp': None, 'dry_run': False, 'dump_signatures': [], 'extra_assume_provided': [], 'profile': False, 'prefile': [], 'postfile': [], 'server_timeout': None, 'nosetscene': False, 'setsceneonly': False, 'skipsetscene': False, 'runall': [], 'runonly': None, 'writeeventlog': None, 'build_verbose_shell': False, 'build_verbose_stdout': False, 'default_loglevel': 20, 'debug_domains': {}}, {'SHELL': '/bin/bash', 'PWD': '/home/mohamed-elsayed/Desktop/hello_world_example', 'LOGNAME': 'mohamed-elsayed', 'HOME': '/home/mohamed-elsayed', 'BBPATH': '/home/mohamed-elsayed/Desktop/hello_world_example', 'USER': 'mohamed-elsayed', 'PATH': '/home/mohamed-elsayed/Desktop/bitbake:/usr/local/sbin:/usr/local/bin:/usr/sbin:/usr/bin:/sbin:/bin:/usr/games:/usr/local/games:/snap/bin:/snap/bin:/home/mohamed-elsayed/Desktop/bitbake/bin', 'LC_ALL': 'en_US.UTF-8', 'SESSION_MANAGER': 'local/mohamedelsayed-HP-ZBook-15:@/tmp/.ICE-unix/1838,unix/mohamedelsayed-HP-ZBook-15:/tmp/.ICE-unix/1838', 'QT_ACCESSIBILITY': '1', 'COLORTERM': 'truecolor', 'XDG_CONFIG_DIRS': '/etc/xdg/xdg-ubuntu:/etc/xdg', 'SSH_AGENT_LAUNCHER': 'gnome-keyring', 'XDG_MENU_PREFIX': 'gnome-', 'GNOME_DESKTOP_SESSION_ID': 'this-is-deprecated', 'LC_ADDRESS': 'ar_EG.UTF-8', 'GNOME_SHELL_SESSION_MODE': 'ubuntu', 'LC_NAME': 'ar_EG.UTF-8', 'SSH_AUTH_SOCK': '/run/user/1000/keyring/ssh', 'XMODIFIERS': '@im=ibus', 'DESKTOP_SESSION': 'ubuntu', 'LC_MONETARY': 'ar_EG.UTF-8', 'GTK_MODULES': 'gail:atk-bridge', 'XDG_SESSION_DESKTOP': 'ubuntu', 'XDG_SESSION_TYPE': 'wayland', 'SYSTEMD_EXEC_PID': '1997', 'XAUTHORITY': '/run/user/1000/.mutter-Xwaylandauth.JED312', 'USERNAME': 'mohamed-elsayed', 'IM_CONFIG_PHASE': '1', 'LC_PAPER': 'ar_EG.UTF-8', 'LANG': 'en_US.UTF-8', 'LS_COLORS': 'rs=0:di=01;34:ln=01;36:mh=00:pi=40;33:so=01;35:do=01;35:bd=40;33;01:cd=40;33;01:or=40;31;01:mi=00:su=37;41:sg=30;43:ca=30;41:tw=30;42:ow=34;42:st=37;44:ex=01;32:*.tar=01;31:*.tgz=01;31:*.arc=01;31:*.arj=01;31:*.taz=01;31:*.lha=01;31:*.lz4=01;31:*.lzh=01;31:*.lzma=01;31:*.tlz=01;31:*.txz=01;31:*.tzo=01;31:*.t7z=01;31:*.zip=01;31:*.z=01;31:*.dz=01;31:*.gz=01;31:*.lrz=01;31:*.lz=01;31:*.lzo=01;31:*.xz=01;31:*.zst=01;31:*.tzst=01;31:*.bz2=01;31:*.bz=01;31:*.tbz=01;31:*.tbz2=01;31:*.tz=01;31:*.deb=01;31:*.rpm=01;31:*.jar=01;31:*.war=01;31:*.ear=01;31:*.sar=01;31:*.rar=01;31:*.alz=01;31:*.ace=01;31:*.zoo=01;31:*.cpio=01;31:*.7z=01;31:*.rz=01;31:*.cab=01;31:*.wim=01;31:*.swm=01;31:*.dwm=01;31:*.esd=01;31:*.jpg=01;35:*.jpeg=01;35:*.mjpg=01;35:*.mjpeg=01;35:*.gif=01;35:*.bmp=01;35:*.pbm=01;35:*.pgm=01;35:*.ppm=01;35:*.tga=01;35:*.xbm=01;35:*.xpm=01;35:*.tif=01;35:*.tiff=01;35:*.png=01;35:*.svg=01;35:*.svgz=01;35:*.mng=01;35:*.pcx=01;35:*.mov=01;35:*.mpg=01;35:*.mpeg=01;35:*.m2v=01;35:*.mkv=01;35:*.webm=01;35:*.webp=01;35:*.ogm=01;35:*.mp4=01;35:*.m4v=01;35:*.mp4v=01;35:*.vob=01;35:*.qt=01;35:*.nuv=01;35:*.wmv=01;35:*.asf=01;35:*.rm=01;35:*.rmvb=01;35:*.flc=01;35:*.avi=01;35:*.fli=01;35:*.flv=01;35:*.gl=01;35:*.dl=01;35:*.xcf=01;35:*.xwd=01;35:*.yuv=01;35:*.cgm=01;35:*.emf=01;35:*.ogv=01;35:*.ogx=01;35:*.aac=00;36:*.au=00;36:*.flac=00;36:*.m4a=00;36:*.mid=00;36:*.midi=00;36:*.mka=00;36:*.mp3=00;36:*.mpc=00;36:*.ogg=00;36:*.ra=00;36:*.wav=00;36:*.oga=00;36:*.opus=00;36:*.spx=00;36:*.xspf=00;36:', 'XDG_CURRENT_DESKTOP': 'ubuntu:GNOME', 'VTE_VERSION': '6800', 'WAYLAND_DISPLAY': 'wayland-0', 'GNOME_TERMINAL_SCREEN': '/org/gnome/Terminal/screen/cd6fc108_6984_435b_8a43_4edb420a53f1', 'GNOME_SETUP_DISPLAY': ':1', 'LESSCLOSE': '/usr/bin/lesspipe %s %s', 'XDG_SESSION_CLASS': 'user', 'TERM': 'xterm-256color', 'LC_IDENTIFICATION': 'ar_EG.UTF-8', 'LESSOPEN': '| /usr/bin/lesspipe %s', 'GNOME_TERMINAL_SERVICE': ':1.117', 'DISPLAY': ':0', 'SHLVL': '1', 'LC_TELEPHONE': 'ar_EG.UTF-8', 'QT_IM_MODULE': 'ibus', 'LC_MEASUREMENT': 'ar_EG.UTF-8', 'XDG_RUNTIME_DIR': '/run/user/1000', 'LC_TIME': 'ar_EG.UTF-8', 'XDG_DATA_DIRS': '/usr/share/ubuntu:/home/mohamed-elsayed/.local/share/flatpak/exports/share:/var/lib/flatpak/exports/share:/usr/local/share/:/usr/share/:/var/lib/snapd/desktop', 'GDMSESSION': 'ubuntu', 'DBUS_SESSION_BUS_ADDRESS': 'unix:path=/run/user/1000/bus', 'LC_NUMERIC': 'ar_EG.UTF-8', 'OLDPWD': '/home/mohamed-elsayed/Desktop', '_': '/home/mohamed-elsayed/Desktop/bitbake/bin/bitbake'}, ['/home/mohamed-elsayed/Desktop/bitbake/bin/bitbake']]
6877 16:24:45.501860 Sending reply (None, 'bb.BBHandledException()\nTraceback (most recent call last):\n  File "/home/mohamed-elsayed/Desktop/bitbake/lib/bb/cookerdata.py", line 163, in wrapped\n    return func(fn, *args)\n  File "/home/mohamed-elsayed/Desktop/bitbake/lib/bb/cookerdata.py", line 180, in parse_config_file\n    return bb.parse.handle(fn, data, include, baseconfig=True)\n  File "/home/mohamed-elsayed/Desktop/bitbake/lib/bb/parse/__init__.py", line 119, in handle\n    return h[\'handle\'](fn, data, include, baseconfig)\n  File "/home/mohamed-elsayed/Desktop/bitbake/lib/bb/parse/parse_py/ConfHandler.py", line 121, in handle\n    abs_fn = resolve_file(fn, data)\n  File "/home/mohamed-elsayed/Desktop/bitbake/lib/bb/parse/__init__.py", line 139, in resolve_file\n    raise IOError(errno.ENOENT, "file %s not found in %s" % (fn, bbpath))\nFileNotFoundError: [Errno 2] file conf/bitbake.conf not found in /home/mohamed-elsayed/Desktop/hello_world_example\n\nDuring handling of the above exception, another exception occurred:\n\nTraceback (most recent call last):\n  File "/home/mohamed-elsayed/Desktop/bitbake/lib/bb/command.py", line 91, in runCommand\n    result = command_method(self, commandline)\n  File "/home/mohamed-elsayed/Desktop/bitbake/lib/bb/command.py", line 291, in updateConfig\n    command.cooker.updateConfigOpts(options, environment, cmdline)\n  File "/home/mohamed-elsayed/Desktop/bitbake/lib/bb/cooker.py", line 465, in updateConfigOpts\n    self.reset()\n  File "/home/mohamed-elsayed/Desktop/bitbake/lib/bb/cooker.py", line 1733, in reset\n    self.initConfigurationData()\n  File "/home/mohamed-elsayed/Desktop/bitbake/lib/bb/cooker.py", line 281, in initConfigurationData\n    self.databuilder.parseBaseConfiguration()\n  File "/home/mohamed-elsayed/Desktop/bitbake/lib/bb/cookerdata.py", line 269, in parseBaseConfiguration\n    self.data = self.parseConfigurationFiles(self.prefiles, self.postfiles)\n  File "/home/mohamed-elsayed/Desktop/bitbake/lib/bb/cookerdata.py", line 477, in parseConfigurationFiles\n    data = parse_config_file(os.path.join("conf", "bitbake.conf"), data)\n  File "/home/mohamed-elsayed/Desktop/bitbake/lib/bb/cookerdata.py", line 175, in wrapped\n    raise bb.BBHandledException()\nbb.BBHandledException\n')
6877 16:24:45.501920 Command Completed (socket: True)
6877 16:24:45.752571 Processing Client
6877 16:24:45.752648 Disconnecting Client (socket: True)
6877 16:24:45.752772 No timeout, exiting.
6877 16:24:46.753194 Exiting (socket: True)
6877 16:24:46.753678 Exiting as we could obtain the lock
7268 16:32:56.160100 --- Starting bitbake server pid 7268 at 2025-02-23 16:32:56.160077 ---
7268 16:32:56.160964 Started bitbake server pid 7268
7268 16:32:56.161151 Entering server connection loop
7268 16:32:56.161172 Lockfile is: /home/mohamed-elsayed/Desktop/hello_world_example/bitbake.lock
Socket is /home/mohamed-elsayed/Desktop/hello_world_example/bitbake.sock (True)
7268 16:32:56.161486 Accepting [<socket.socket fd=4, family=AddressFamily.AF_UNIX, type=SocketKind.SOCK_STREAM, proto=0, laddr=bitbake.sock>] ([])
7268 16:32:56.162068 Processing Client
7268 16:32:56.162103 Connecting Client
7268 16:32:56.162444 Running command ['setFeatures', [2, 1]]
7268 16:32:56.162483 Sending reply (None, None)
7268 16:32:56.162553 Command Completed (socket: True)
7268 16:32:56.163214 Running command ['updateConfig', {'halt': True, 'force': False, 'invalidate_stamp': None, 'dry_run': False, 'dump_signatures': [], 'extra_assume_provided': [], 'profile': False, 'prefile': [], 'postfile': [], 'server_timeout': None, 'nosetscene': False, 'setsceneonly': False, 'skipsetscene': False, 'runall': [], 'runonly': None, 'writeeventlog': None, 'build_verbose_shell': False, 'build_verbose_stdout': False, 'default_loglevel': 20, 'debug_domains': {}}, {'SHELL': '/bin/bash', 'PWD': '/home/mohamed-elsayed/Desktop/hello_world_example', 'LOGNAME': 'mohamed-elsayed', 'HOME': '/home/mohamed-elsayed', 'BBPATH': '/home/mohamed-elsayed/Desktop/hello_world_example', 'USER': 'mohamed-elsayed', 'PATH': '/home/mohamed-elsayed/Desktop/bitbake:/usr/local/sbin:/usr/local/bin:/usr/sbin:/usr/bin:/sbin:/bin:/usr/games:/usr/local/games:/snap/bin:/snap/bin:/home/mohamed-elsayed/Desktop/bitbake/bin', 'LC_ALL': 'en_US.UTF-8', 'SESSION_MANAGER': 'local/mohamedelsayed-HP-ZBook-15:@/tmp/.ICE-unix/1838,unix/mohamedelsayed-HP-ZBook-15:/tmp/.ICE-unix/1838', 'QT_ACCESSIBILITY': '1', 'COLORTERM': 'truecolor', 'XDG_CONFIG_DIRS': '/etc/xdg/xdg-ubuntu:/etc/xdg', 'SSH_AGENT_LAUNCHER': 'gnome-keyring', 'XDG_MENU_PREFIX': 'gnome-', 'GNOME_DESKTOP_SESSION_ID': 'this-is-deprecated', 'LC_ADDRESS': 'ar_EG.UTF-8', 'GNOME_SHELL_SESSION_MODE': 'ubuntu', 'LC_NAME': 'ar_EG.UTF-8', 'SSH_AUTH_SOCK': '/run/user/1000/keyring/ssh', 'XMODIFIERS': '@im=ibus', 'DESKTOP_SESSION': 'ubuntu', 'LC_MONETARY': 'ar_EG.UTF-8', 'GTK_MODULES': 'gail:atk-bridge', 'XDG_SESSION_DESKTOP': 'ubuntu', 'XDG_SESSION_TYPE': 'wayland', 'SYSTEMD_EXEC_PID': '1997', 'XAUTHORITY': '/run/user/1000/.mutter-Xwaylandauth.JED312', 'USERNAME': 'mohamed-elsayed', 'IM_CONFIG_PHASE': '1', 'LC_PAPER': 'ar_EG.UTF-8', 'LANG': 'en_US.UTF-8', 'LS_COLORS': 'rs=0:di=01;34:ln=01;36:mh=00:pi=40;33:so=01;35:do=01;35:bd=40;33;01:cd=40;33;01:or=40;31;01:mi=00:su=37;41:sg=30;43:ca=30;41:tw=30;42:ow=34;42:st=37;44:ex=01;32:*.tar=01;31:*.tgz=01;31:*.arc=01;31:*.arj=01;31:*.taz=01;31:*.lha=01;31:*.lz4=01;31:*.lzh=01;31:*.lzma=01;31:*.tlz=01;31:*.txz=01;31:*.tzo=01;31:*.t7z=01;31:*.zip=01;31:*.z=01;31:*.dz=01;31:*.gz=01;31:*.lrz=01;31:*.lz=01;31:*.lzo=01;31:*.xz=01;31:*.zst=01;31:*.tzst=01;31:*.bz2=01;31:*.bz=01;31:*.tbz=01;31:*.tbz2=01;31:*.tz=01;31:*.deb=01;31:*.rpm=01;31:*.jar=01;31:*.war=01;31:*.ear=01;31:*.sar=01;31:*.rar=01;31:*.alz=01;31:*.ace=01;31:*.zoo=01;31:*.cpio=01;31:*.7z=01;31:*.rz=01;31:*.cab=01;31:*.wim=01;31:*.swm=01;31:*.dwm=01;31:*.esd=01;31:*.jpg=01;35:*.jpeg=01;35:*.mjpg=01;35:*.mjpeg=01;35:*.gif=01;35:*.bmp=01;35:*.pbm=01;35:*.pgm=01;35:*.ppm=01;35:*.tga=01;35:*.xbm=01;35:*.xpm=01;35:*.tif=01;35:*.tiff=01;35:*.png=01;35:*.svg=01;35:*.svgz=01;35:*.mng=01;35:*.pcx=01;35:*.mov=01;35:*.mpg=01;35:*.mpeg=01;35:*.m2v=01;35:*.mkv=01;35:*.webm=01;35:*.webp=01;35:*.ogm=01;35:*.mp4=01;35:*.m4v=01;35:*.mp4v=01;35:*.vob=01;35:*.qt=01;35:*.nuv=01;35:*.wmv=01;35:*.asf=01;35:*.rm=01;35:*.rmvb=01;35:*.flc=01;35:*.avi=01;35:*.fli=01;35:*.flv=01;35:*.gl=01;35:*.dl=01;35:*.xcf=01;35:*.xwd=01;35:*.yuv=01;35:*.cgm=01;35:*.emf=01;35:*.ogv=01;35:*.ogx=01;35:*.aac=00;36:*.au=00;36:*.flac=00;36:*.m4a=00;36:*.mid=00;36:*.midi=00;36:*.mka=00;36:*.mp3=00;36:*.mpc=00;36:*.ogg=00;36:*.ra=00;36:*.wav=00;36:*.oga=00;36:*.opus=00;36:*.spx=00;36:*.xspf=00;36:', 'XDG_CURRENT_DESKTOP': 'ubuntu:GNOME', 'VTE_VERSION': '6800', 'WAYLAND_DISPLAY': 'wayland-0', 'GNOME_TERMINAL_SCREEN': '/org/gnome/Terminal/screen/cd6fc108_6984_435b_8a43_4edb420a53f1', 'GNOME_SETUP_DISPLAY': ':1', 'LESSCLOSE': '/usr/bin/lesspipe %s %s', 'XDG_SESSION_CLASS': 'user', 'TERM': 'xterm-256color', 'LC_IDENTIFICATION': 'ar_EG.UTF-8', 'LESSOPEN': '| /usr/bin/lesspipe %s', 'GNOME_TERMINAL_SERVICE': ':1.117', 'DISPLAY': ':0', 'SHLVL': '1', 'LC_TELEPHONE': 'ar_EG.UTF-8', 'QT_IM_MODULE': 'ibus', 'LC_MEASUREMENT': 'ar_EG.UTF-8', 'XDG_RUNTIME_DIR': '/run/user/1000', 'LC_TIME': 'ar_EG.UTF-8', 'XDG_DATA_DIRS': '/usr/share/ubuntu:/home/mohamed-elsayed/.local/share/flatpak/exports/share:/var/lib/flatpak/exports/share:/usr/local/share/:/usr/share/:/var/lib/snapd/desktop', 'GDMSESSION': 'ubuntu', 'DBUS_SESSION_BUS_ADDRESS': 'unix:path=/run/user/1000/bus', 'LC_NUMERIC': 'ar_EG.UTF-8', 'OLDPWD': '/home/mohamed-elsayed/Desktop/hello_world_example/conf', '_': '/home/mohamed-elsayed/Desktop/bitbake/bin/bitbake'}, ['/home/mohamed-elsayed/Desktop/bitbake/bin/bitbake']]
7268 16:32:56.195200 Sending reply (None, 'bb.BBHandledException()\nTraceback (most recent call last):\n  File "/home/mohamed-elsayed/Desktop/bitbake/lib/bb/cookerdata.py", line 163, in wrapped\n    return func(fn, *args)\n  File "/home/mohamed-elsayed/Desktop/bitbake/lib/bb/cookerdata.py", line 184, in _inherit\n    bb.parse.BBHandler.inherit(bbclass, "configuration INHERITs", 0, data)\n  File "/home/mohamed-elsayed/Desktop/bitbake/lib/bb/parse/parse_py/BBHandler.py", line 71, in inherit\n    raise ParseError("Could not inherit file %s" % (file), fn, lineno)\nbb.parse.ParseError: ParseError in configuration INHERITs: Could not inherit file classes/base.bbclass\n\nDuring handling of the above exception, another exception occurred:\n\nTraceback (most recent call last):\n  File "/home/mohamed-elsayed/Desktop/bitbake/lib/bb/command.py", line 91, in runCommand\n    result = command_method(self, commandline)\n  File "/home/mohamed-elsayed/Desktop/bitbake/lib/bb/command.py", line 291, in updateConfig\n    command.cooker.updateConfigOpts(options, environment, cmdline)\n  File "/home/mohamed-elsayed/Desktop/bitbake/lib/bb/cooker.py", line 465, in updateConfigOpts\n    self.reset()\n  File "/home/mohamed-elsayed/Desktop/bitbake/lib/bb/cooker.py", line 1733, in reset\n    self.initConfigurationData()\n  File "/home/mohamed-elsayed/Desktop/bitbake/lib/bb/cooker.py", line 281, in initConfigurationData\n    self.databuilder.parseBaseConfiguration()\n  File "/home/mohamed-elsayed/Desktop/bitbake/lib/bb/cookerdata.py", line 269, in parseBaseConfiguration\n    self.data = self.parseConfigurationFiles(self.prefiles, self.postfiles)\n  File "/home/mohamed-elsayed/Desktop/bitbake/lib/bb/cookerdata.py", line 486, in parseConfigurationFiles\n    data = _inherit(bbclass, data)\n  File "/home/mohamed-elsayed/Desktop/bitbake/lib/bb/cookerdata.py", line 175, in wrapped\n    raise bb.BBHandledException()\nbb.BBHandledException\n')
7268 16:32:56.195274 Command Completed (socket: True)
7268 16:32:56.445265 Processing Client
7268 16:32:56.445336 Disconnecting Client (socket: True)
7268 16:32:56.445453 No timeout, exiting.
7268 16:32:57.446187 Exiting (socket: True)
7268 16:32:57.446654 Exiting as we could obtain the lock
7555 16:36:54.761790 --- Starting bitbake server pid 7555 at 2025-02-23 16:36:54.761767 ---
7555 16:36:54.762714 Started bitbake server pid 7555
7555 16:36:54.762952 Entering server connection loop
7555 16:36:54.762979 Lockfile is: /home/mohamed-elsayed/Desktop/hello_world_example/bitbake.lock
Socket is /home/mohamed-elsayed/Desktop/hello_world_example/bitbake.sock (True)
7555 16:36:54.763354 Accepting [<socket.socket fd=4, family=AddressFamily.AF_UNIX, type=SocketKind.SOCK_STREAM, proto=0, laddr=bitbake.sock>] ([])
7555 16:36:54.763804 Processing Client
7555 16:36:54.763843 Connecting Client
7555 16:36:54.764241 Running command ['setFeatures', [2, 1]]
7555 16:36:54.764279 Sending reply (None, None)
7555 16:36:54.764378 Command Completed (socket: True)
7555 16:36:54.765091 Running command ['updateConfig', {'halt': True, 'force': False, 'invalidate_stamp': None, 'dry_run': False, 'dump_signatures': [], 'extra_assume_provided': [], 'profile': False, 'prefile': [], 'postfile': [], 'server_timeout': None, 'nosetscene': False, 'setsceneonly': False, 'skipsetscene': False, 'runall': [], 'runonly': None, 'writeeventlog': None, 'build_verbose_shell': False, 'build_verbose_stdout': False, 'default_loglevel': 20, 'debug_domains': {}}, {'SHELL': '/bin/bash', 'PWD': '/home/mohamed-elsayed/Desktop/hello_world_example', 'LOGNAME': 'mohamed-elsayed', 'HOME': '/home/mohamed-elsayed', 'BBPATH': '/home/mohamed-elsayed/Desktop/hello_world_example', 'USER': 'mohamed-elsayed', 'PATH': '/home/mohamed-elsayed/Desktop/bitbake:/usr/local/sbin:/usr/local/bin:/usr/sbin:/usr/bin:/sbin:/bin:/usr/games:/usr/local/games:/snap/bin:/snap/bin:/home/mohamed-elsayed/Desktop/bitbake/bin', 'LC_ALL': 'en_US.UTF-8', 'SESSION_MANAGER': 'local/mohamedelsayed-HP-ZBook-15:@/tmp/.ICE-unix/1838,unix/mohamedelsayed-HP-ZBook-15:/tmp/.ICE-unix/1838', 'QT_ACCESSIBILITY': '1', 'COLORTERM': 'truecolor', 'XDG_CONFIG_DIRS': '/etc/xdg/xdg-ubuntu:/etc/xdg', 'SSH_AGENT_LAUNCHER': 'gnome-keyring', 'XDG_MENU_PREFIX': 'gnome-', 'GNOME_DESKTOP_SESSION_ID': 'this-is-deprecated', 'LC_ADDRESS': 'ar_EG.UTF-8', 'GNOME_SHELL_SESSION_MODE': 'ubuntu', 'LC_NAME': 'ar_EG.UTF-8', 'SSH_AUTH_SOCK': '/run/user/1000/keyring/ssh', 'XMODIFIERS': '@im=ibus', 'DESKTOP_SESSION': 'ubuntu', 'LC_MONETARY': 'ar_EG.UTF-8', 'GTK_MODULES': 'gail:atk-bridge', 'XDG_SESSION_DESKTOP': 'ubuntu', 'XDG_SESSION_TYPE': 'wayland', 'SYSTEMD_EXEC_PID': '1997', 'XAUTHORITY': '/run/user/1000/.mutter-Xwaylandauth.JED312', 'USERNAME': 'mohamed-elsayed', 'IM_CONFIG_PHASE': '1', 'LC_PAPER': 'ar_EG.UTF-8', 'LANG': 'en_US.UTF-8', 'LS_COLORS': 'rs=0:di=01;34:ln=01;36:mh=00:pi=40;33:so=01;35:do=01;35:bd=40;33;01:cd=40;33;01:or=40;31;01:mi=00:su=37;41:sg=30;43:ca=30;41:tw=30;42:ow=34;42:st=37;44:ex=01;32:*.tar=01;31:*.tgz=01;31:*.arc=01;31:*.arj=01;31:*.taz=01;31:*.lha=01;31:*.lz4=01;31:*.lzh=01;31:*.lzma=01;31:*.tlz=01;31:*.txz=01;31:*.tzo=01;31:*.t7z=01;31:*.zip=01;31:*.z=01;31:*.dz=01;31:*.gz=01;31:*.lrz=01;31:*.lz=01;31:*.lzo=01;31:*.xz=01;31:*.zst=01;31:*.tzst=01;31:*.bz2=01;31:*.bz=01;31:*.tbz=01;31:*.tbz2=01;31:*.tz=01;31:*.deb=01;31:*.rpm=01;31:*.jar=01;31:*.war=01;31:*.ear=01;31:*.sar=01;31:*.rar=01;31:*.alz=01;31:*.ace=01;31:*.zoo=01;31:*.cpio=01;31:*.7z=01;31:*.rz=01;31:*.cab=01;31:*.wim=01;31:*.swm=01;31:*.dwm=01;31:*.esd=01;31:*.jpg=01;35:*.jpeg=01;35:*.mjpg=01;35:*.mjpeg=01;35:*.gif=01;35:*.bmp=01;35:*.pbm=01;35:*.pgm=01;35:*.ppm=01;35:*.tga=01;35:*.xbm=01;35:*.xpm=01;35:*.tif=01;35:*.tiff=01;35:*.png=01;35:*.svg=01;35:*.svgz=01;35:*.mng=01;35:*.pcx=01;35:*.mov=01;35:*.mpg=01;35:*.mpeg=01;35:*.m2v=01;35:*.mkv=01;35:*.webm=01;35:*.webp=01;35:*.ogm=01;35:*.mp4=01;35:*.m4v=01;35:*.mp4v=01;35:*.vob=01;35:*.qt=01;35:*.nuv=01;35:*.wmv=01;35:*.asf=01;35:*.rm=01;35:*.rmvb=01;35:*.flc=01;35:*.avi=01;35:*.fli=01;35:*.flv=01;35:*.gl=01;35:*.dl=01;35:*.xcf=01;35:*.xwd=01;35:*.yuv=01;35:*.cgm=01;35:*.emf=01;35:*.ogv=01;35:*.ogx=01;35:*.aac=00;36:*.au=00;36:*.flac=00;36:*.m4a=00;36:*.mid=00;36:*.midi=00;36:*.mka=00;36:*.mp3=00;36:*.mpc=00;36:*.ogg=00;36:*.ra=00;36:*.wav=00;36:*.oga=00;36:*.opus=00;36:*.spx=00;36:*.xspf=00;36:', 'XDG_CURRENT_DESKTOP': 'ubuntu:GNOME', 'VTE_VERSION': '6800', 'WAYLAND_DISPLAY': 'wayland-0', 'GNOME_TERMINAL_SCREEN': '/org/gnome/Terminal/screen/cd6fc108_6984_435b_8a43_4edb420a53f1', 'GNOME_SETUP_DISPLAY': ':1', 'LESSCLOSE': '/usr/bin/lesspipe %s %s', 'XDG_SESSION_CLASS': 'user', 'TERM': 'xterm-256color', 'LC_IDENTIFICATION': 'ar_EG.UTF-8', 'LESSOPEN': '| /usr/bin/lesspipe %s', 'GNOME_TERMINAL_SERVICE': ':1.117', 'DISPLAY': ':0', 'SHLVL': '1', 'LC_TELEPHONE': 'ar_EG.UTF-8', 'QT_IM_MODULE': 'ibus', 'LC_MEASUREMENT': 'ar_EG.UTF-8', 'XDG_RUNTIME_DIR': '/run/user/1000', 'LC_TIME': 'ar_EG.UTF-8', 'XDG_DATA_DIRS': '/usr/share/ubuntu:/home/mohamed-elsayed/.local/share/flatpak/exports/share:/var/lib/flatpak/exports/share:/usr/local/share/:/usr/share/:/var/lib/snapd/desktop', 'GDMSESSION': 'ubuntu', 'DBUS_SESSION_BUS_ADDRESS': 'unix:path=/run/user/1000/bus', 'LC_NUMERIC': 'ar_EG.UTF-8', 'OLDPWD': '/home/mohamed-elsayed/Desktop/hello_world_example/classes', '_': '/home/mohamed-elsayed/Desktop/bitbake/bin/bitbake'}, ['/home/mohamed-elsayed/Desktop/bitbake/bin/bitbake']]
7555 16:36:54.798450 Base config valid
7555 16:36:54.798504 Sending reply (None, None)
7555 16:36:54.798554 Command Completed (socket: True)
7555 16:36:54.798688 Running command ['getVariable', 'BBINCLUDELOGS']
7555 16:36:54.798725 Sending reply (None, None)
7555 16:36:54.798762 Command Completed (socket: True)
7555 16:36:54.798872 Running command ['getVariable', 'BBINCLUDELOGS_LINES']
7555 16:36:54.798900 Sending reply (None, None)
7555 16:36:54.798940 Command Completed (socket: True)
7555 16:36:54.799015 Running command ['getSetVariable', 'BB_CONSOLELOG']
7555 16:36:54.799070 Sending reply (None, None)
7555 16:36:54.799121 Command Completed (socket: True)
7555 16:36:54.799242 Running command ['getSetVariable', 'BB_LOGCONFIG']
7555 16:36:54.799276 Sending reply (None, None)
7555 16:36:54.799323 Command Completed (socket: True)
7555 16:36:54.800414 Running command ['getUIHandlerNum']
7555 16:36:54.800437 Sending reply (1, None)
7555 16:36:54.800478 Command Completed (socket: True)
7555 16:36:54.800596 Running command ['setEventMask', 1, 20, {}, ['bb.runqueue.runQueueExitWait', 'bb.event.LogExecTTY', 'logging.LogRecord', 'bb.build.TaskFailed', 'bb.build.TaskBase', 'bb.event.ParseStarted', 'bb.event.ParseProgress', 'bb.event.ParseCompleted', 'bb.event.CacheLoadStarted', 'bb.event.CacheLoadProgress', 'bb.event.CacheLoadCompleted', 'bb.command.CommandFailed', 'bb.command.CommandExit', 'bb.command.CommandCompleted', 'bb.cooker.CookerExit', 'bb.event.MultipleProviders', 'bb.event.NoProvider', 'bb.runqueue.sceneQueueTaskStarted', 'bb.runqueue.runQueueTaskStarted', 'bb.runqueue.runQueueTaskFailed', 'bb.runqueue.sceneQueueTaskFailed', 'bb.event.BuildBase', 'bb.build.TaskStarted', 'bb.build.TaskSucceeded', 'bb.build.TaskFailedSilent', 'bb.build.TaskProgress', 'bb.event.ProcessStarted', 'bb.event.ProcessProgress', 'bb.event.ProcessFinished']]
7555 16:36:54.800617 Sending reply (True, None)
7555 16:36:54.800652 Command Completed (socket: True)
7555 16:36:54.800721 Running command ['getVariable', 'BB_DEFAULT_TASK']
7555 16:36:54.800745 Sending reply (None, None)
7555 16:36:54.800778 Command Completed (socket: True)
7555 16:36:54.800827 Running command ['setConfig', 'cmd', 'build']
7555 16:36:54.800853 Sending reply (None, None)
7555 16:36:54.800884 Command Completed (socket: True)
7555 16:36:54.800928 Running command ['getVariable', 'BBTARGETS']
7555 16:36:54.800950 Sending reply (None, None)
7555 16:36:54.800981 Command Completed (socket: True)
7555 16:36:55.048064 Processing Client
7555 16:36:55.048138 Disconnecting Client (socket: True)
7555 16:36:55.048358 No timeout, exiting.
7555 16:36:56.049546 Exiting (socket: True)
7555 16:36:56.050112 Exiting as we could obtain the lock
7712 16:39:42.048204 --- Starting bitbake server pid 7712 at 2025-02-23 16:39:42.048185 ---
7712 16:39:42.048921 Started bitbake server pid 7712
7712 16:39:42.049093 Entering server connection loop
7712 16:39:42.049113 Lockfile is: /home/mohamed-elsayed/Desktop/hello_world_example/bitbake.lock
Socket is /home/mohamed-elsayed/Desktop/hello_world_example/bitbake.sock (True)
7712 16:39:42.049406 Accepting [<socket.socket fd=4, family=AddressFamily.AF_UNIX, type=SocketKind.SOCK_STREAM, proto=0, laddr=bitbake.sock>] ([])
7712 16:39:42.049968 Processing Client
7712 16:39:42.050004 Connecting Client
7712 16:39:42.050297 Running command ['setFeatures', [2, 1]]
7712 16:39:42.050334 Sending reply (None, None)
7712 16:39:42.050396 Command Completed (socket: True)
7712 16:39:42.051052 Running command ['updateConfig', {'halt': True, 'force': False, 'invalidate_stamp': None, 'dry_run': False, 'dump_signatures': [], 'extra_assume_provided': [], 'profile': False, 'prefile': [], 'postfile': [], 'server_timeout': None, 'nosetscene': False, 'setsceneonly': False, 'skipsetscene': False, 'runall': [], 'runonly': None, 'writeeventlog': None, 'build_verbose_shell': False, 'build_verbose_stdout': False, 'default_loglevel': 20, 'debug_domains': {}}, {'SHELL': '/bin/bash', 'PWD': '/home/mohamed-elsayed/Desktop/hello_world_example', 'LOGNAME': 'mohamed-elsayed', 'HOME': '/home/mohamed-elsayed', 'BBPATH': '/home/mohamed-elsayed/Desktop/hello_world_example', 'USER': 'mohamed-elsayed', 'PATH': '/home/mohamed-elsayed/Desktop/bitbake:/usr/local/sbin:/usr/local/bin:/usr/sbin:/usr/bin:/sbin:/bin:/usr/games:/usr/local/games:/snap/bin:/snap/bin:/home/mohamed-elsayed/Desktop/bitbake/bin', 'LC_ALL': 'en_US.UTF-8', 'SESSION_MANAGER': 'local/mohamedelsayed-HP-ZBook-15:@/tmp/.ICE-unix/1838,unix/mohamedelsayed-HP-ZBook-15:/tmp/.ICE-unix/1838', 'QT_ACCESSIBILITY': '1', 'COLORTERM': 'truecolor', 'XDG_CONFIG_DIRS': '/etc/xdg/xdg-ubuntu:/etc/xdg', 'SSH_AGENT_LAUNCHER': 'gnome-keyring', 'XDG_MENU_PREFIX': 'gnome-', 'GNOME_DESKTOP_SESSION_ID': 'this-is-deprecated', 'LC_ADDRESS': 'ar_EG.UTF-8', 'GNOME_SHELL_SESSION_MODE': 'ubuntu', 'LC_NAME': 'ar_EG.UTF-8', 'SSH_AUTH_SOCK': '/run/user/1000/keyring/ssh', 'XMODIFIERS': '@im=ibus', 'DESKTOP_SESSION': 'ubuntu', 'LC_MONETARY': 'ar_EG.UTF-8', 'GTK_MODULES': 'gail:atk-bridge', 'XDG_SESSION_DESKTOP': 'ubuntu', 'XDG_SESSION_TYPE': 'wayland', 'SYSTEMD_EXEC_PID': '1997', 'XAUTHORITY': '/run/user/1000/.mutter-Xwaylandauth.JED312', 'USERNAME': 'mohamed-elsayed', 'IM_CONFIG_PHASE': '1', 'LC_PAPER': 'ar_EG.UTF-8', 'LANG': 'en_US.UTF-8', 'LS_COLORS': 'rs=0:di=01;34:ln=01;36:mh=00:pi=40;33:so=01;35:do=01;35:bd=40;33;01:cd=40;33;01:or=40;31;01:mi=00:su=37;41:sg=30;43:ca=30;41:tw=30;42:ow=34;42:st=37;44:ex=01;32:*.tar=01;31:*.tgz=01;31:*.arc=01;31:*.arj=01;31:*.taz=01;31:*.lha=01;31:*.lz4=01;31:*.lzh=01;31:*.lzma=01;31:*.tlz=01;31:*.txz=01;31:*.tzo=01;31:*.t7z=01;31:*.zip=01;31:*.z=01;31:*.dz=01;31:*.gz=01;31:*.lrz=01;31:*.lz=01;31:*.lzo=01;31:*.xz=01;31:*.zst=01;31:*.tzst=01;31:*.bz2=01;31:*.bz=01;31:*.tbz=01;31:*.tbz2=01;31:*.tz=01;31:*.deb=01;31:*.rpm=01;31:*.jar=01;31:*.war=01;31:*.ear=01;31:*.sar=01;31:*.rar=01;31:*.alz=01;31:*.ace=01;31:*.zoo=01;31:*.cpio=01;31:*.7z=01;31:*.rz=01;31:*.cab=01;31:*.wim=01;31:*.swm=01;31:*.dwm=01;31:*.esd=01;31:*.jpg=01;35:*.jpeg=01;35:*.mjpg=01;35:*.mjpeg=01;35:*.gif=01;35:*.bmp=01;35:*.pbm=01;35:*.pgm=01;35:*.ppm=01;35:*.tga=01;35:*.xbm=01;35:*.xpm=01;35:*.tif=01;35:*.tiff=01;35:*.png=01;35:*.svg=01;35:*.svgz=01;35:*.mng=01;35:*.pcx=01;35:*.mov=01;35:*.mpg=01;35:*.mpeg=01;35:*.m2v=01;35:*.mkv=01;35:*.webm=01;35:*.webp=01;35:*.ogm=01;35:*.mp4=01;35:*.m4v=01;35:*.mp4v=01;35:*.vob=01;35:*.qt=01;35:*.nuv=01;35:*.wmv=01;35:*.asf=01;35:*.rm=01;35:*.rmvb=01;35:*.flc=01;35:*.avi=01;35:*.fli=01;35:*.flv=01;35:*.gl=01;35:*.dl=01;35:*.xcf=01;35:*.xwd=01;35:*.yuv=01;35:*.cgm=01;35:*.emf=01;35:*.ogv=01;35:*.ogx=01;35:*.aac=00;36:*.au=00;36:*.flac=00;36:*.m4a=00;36:*.mid=00;36:*.midi=00;36:*.mka=00;36:*.mp3=00;36:*.mpc=00;36:*.ogg=00;36:*.ra=00;36:*.wav=00;36:*.oga=00;36:*.opus=00;36:*.spx=00;36:*.xspf=00;36:', 'XDG_CURRENT_DESKTOP': 'ubuntu:GNOME', 'VTE_VERSION': '6800', 'WAYLAND_DISPLAY': 'wayland-0', 'GNOME_TERMINAL_SCREEN': '/org/gnome/Terminal/screen/cd6fc108_6984_435b_8a43_4edb420a53f1', 'GNOME_SETUP_DISPLAY': ':1', 'LESSCLOSE': '/usr/bin/lesspipe %s %s', 'XDG_SESSION_CLASS': 'user', 'TERM': 'xterm-256color', 'LC_IDENTIFICATION': 'ar_EG.UTF-8', 'LESSOPEN': '| /usr/bin/lesspipe %s', 'GNOME_TERMINAL_SERVICE': ':1.117', 'DISPLAY': ':0', 'SHLVL': '1', 'LC_TELEPHONE': 'ar_EG.UTF-8', 'QT_IM_MODULE': 'ibus', 'LC_MEASUREMENT': 'ar_EG.UTF-8', 'XDG_RUNTIME_DIR': '/run/user/1000', 'LC_TIME': 'ar_EG.UTF-8', 'XDG_DATA_DIRS': '/usr/share/ubuntu:/home/mohamed-elsayed/.local/share/flatpak/exports/share:/var/lib/flatpak/exports/share:/usr/local/share/:/usr/share/:/var/lib/snapd/desktop', 'GDMSESSION': 'ubuntu', 'DBUS_SESSION_BUS_ADDRESS': 'unix:path=/run/user/1000/bus', 'LC_NUMERIC': 'ar_EG.UTF-8', 'OLDPWD': '/home/mohamed-elsayed/Desktop', '_': '/home/mohamed-elsayed/Desktop/bitbake/bin/bitbake'}, ['/home/mohamed-elsayed/Desktop/bitbake/bin/bitbake']]
7712 16:39:42.055460 Base config valid
7712 16:39:42.055500 Sending reply (None, None)
7712 16:39:42.055554 Command Completed (socket: True)
7712 16:39:42.055671 Running command ['getVariable', 'BBINCLUDELOGS']
7712 16:39:42.055701 Sending reply (None, None)
7712 16:39:42.055745 Command Completed (socket: True)
7712 16:39:42.055836 Running command ['getVariable', 'BBINCLUDELOGS_LINES']
7712 16:39:42.055856 Sending reply (None, None)
7712 16:39:42.055896 Command Completed (socket: True)
7712 16:39:42.055947 Running command ['getSetVariable', 'BB_CONSOLELOG']
7712 16:39:42.055975 Sending reply (None, None)
7712 16:39:42.056003 Command Completed (socket: True)
7712 16:39:42.056059 Running command ['getSetVariable', 'BB_LOGCONFIG']
7712 16:39:42.056103 Sending reply (None, None)
7712 16:39:42.056142 Command Completed (socket: True)
7712 16:39:42.057218 Running command ['getUIHandlerNum']
7712 16:39:42.057239 Sending reply (1, None)
7712 16:39:42.057286 Command Completed (socket: True)
7712 16:39:42.057409 Running command ['setEventMask', 1, 20, {}, ['bb.runqueue.runQueueExitWait', 'bb.event.LogExecTTY', 'logging.LogRecord', 'bb.build.TaskFailed', 'bb.build.TaskBase', 'bb.event.ParseStarted', 'bb.event.ParseProgress', 'bb.event.ParseCompleted', 'bb.event.CacheLoadStarted', 'bb.event.CacheLoadProgress', 'bb.event.CacheLoadCompleted', 'bb.command.CommandFailed', 'bb.command.CommandExit', 'bb.command.CommandCompleted', 'bb.cooker.CookerExit', 'bb.event.MultipleProviders', 'bb.event.NoProvider', 'bb.runqueue.sceneQueueTaskStarted', 'bb.runqueue.runQueueTaskStarted', 'bb.runqueue.runQueueTaskFailed', 'bb.runqueue.sceneQueueTaskFailed', 'bb.event.BuildBase', 'bb.build.TaskStarted', 'bb.build.TaskSucceeded', 'bb.build.TaskFailedSilent', 'bb.build.TaskProgress', 'bb.event.ProcessStarted', 'bb.event.ProcessProgress', 'bb.event.ProcessFinished']]
7712 16:39:42.057427 Sending reply (True, None)
7712 16:39:42.057468 Command Completed (socket: True)
7712 16:39:42.057543 Running command ['getVariable', 'BB_DEFAULT_TASK']
7712 16:39:42.057564 Sending reply (None, None)
7712 16:39:42.057594 Command Completed (socket: True)
7712 16:39:42.057641 Running command ['setConfig', 'cmd', 'build']
7712 16:39:42.057657 Sending reply (None, None)
7712 16:39:42.057683 Command Completed (socket: True)
7712 16:39:42.057722 Running command ['getVariable', 'BBTARGETS']
7712 16:39:42.057741 Sending reply (None, None)
7712 16:39:42.057768 Command Completed (socket: True)
7712 16:39:42.305255 Processing Client
7712 16:39:42.305331 Disconnecting Client (socket: True)
7712 16:39:42.305547 No timeout, exiting.
7712 16:39:43.306746 Exiting (socket: True)
7712 16:39:43.307222 Exiting as we could obtain the lock
7967 16:45:09.411110 --- Starting bitbake server pid 7967 at 2025-02-23 16:45:09.411086 ---
7967 16:45:09.411853 Started bitbake server pid 7967
7967 16:45:09.412021 Entering server connection loop
7967 16:45:09.412048 Lockfile is: /home/mohamed-elsayed/Desktop/hello_world_example/bitbake.lock
Socket is /home/mohamed-elsayed/Desktop/hello_world_example/bitbake.sock (True)
7967 16:45:09.412349 Accepting [<socket.socket fd=4, family=AddressFamily.AF_UNIX, type=SocketKind.SOCK_STREAM, proto=0, laddr=bitbake.sock>] ([])
7967 16:45:09.412909 Processing Client
7967 16:45:09.412947 Connecting Client
7967 16:45:09.413240 Running command ['setFeatures', [2, 1]]
7967 16:45:09.413280 Sending reply (None, None)
7967 16:45:09.413340 Command Completed (socket: True)
7967 16:45:09.413890 Running command ['updateConfig', {'halt': True, 'force': False, 'invalidate_stamp': None, 'dry_run': False, 'dump_signatures': [], 'extra_assume_provided': [], 'profile': False, 'prefile': [], 'postfile': [], 'server_timeout': None, 'nosetscene': False, 'setsceneonly': False, 'skipsetscene': False, 'runall': [], 'runonly': None, 'writeeventlog': None, 'build_verbose_shell': False, 'build_verbose_stdout': False, 'default_loglevel': 20, 'debug_domains': {}}, {'SHELL': '/bin/bash', 'PWD': '/home/mohamed-elsayed/Desktop/hello_world_example', 'LOGNAME': 'mohamed-elsayed', 'HOME': '/home/mohamed-elsayed', 'BBPATH': '/home/mohamed-elsayed/Desktop/hello_world_example', 'USER': 'mohamed-elsayed', 'PATH': '/home/mohamed-elsayed/Desktop/bitbake:/usr/local/sbin:/usr/local/bin:/usr/sbin:/usr/bin:/sbin:/bin:/usr/games:/usr/local/games:/snap/bin:/snap/bin:/home/mohamed-elsayed/Desktop/bitbake/bin', 'LC_ALL': 'en_US.UTF-8', 'SESSION_MANAGER': 'local/mohamedelsayed-HP-ZBook-15:@/tmp/.ICE-unix/1838,unix/mohamedelsayed-HP-ZBook-15:/tmp/.ICE-unix/1838', 'QT_ACCESSIBILITY': '1', 'COLORTERM': 'truecolor', 'XDG_CONFIG_DIRS': '/etc/xdg/xdg-ubuntu:/etc/xdg', 'SSH_AGENT_LAUNCHER': 'gnome-keyring', 'XDG_MENU_PREFIX': 'gnome-', 'GNOME_DESKTOP_SESSION_ID': 'this-is-deprecated', 'LC_ADDRESS': 'ar_EG.UTF-8', 'GNOME_SHELL_SESSION_MODE': 'ubuntu', 'LC_NAME': 'ar_EG.UTF-8', 'SSH_AUTH_SOCK': '/run/user/1000/keyring/ssh', 'XMODIFIERS': '@im=ibus', 'DESKTOP_SESSION': 'ubuntu', 'LC_MONETARY': 'ar_EG.UTF-8', 'GTK_MODULES': 'gail:atk-bridge', 'XDG_SESSION_DESKTOP': 'ubuntu', 'XDG_SESSION_TYPE': 'wayland', 'SYSTEMD_EXEC_PID': '1997', 'XAUTHORITY': '/run/user/1000/.mutter-Xwaylandauth.JED312', 'USERNAME': 'mohamed-elsayed', 'IM_CONFIG_PHASE': '1', 'LC_PAPER': 'ar_EG.UTF-8', 'LANG': 'en_US.UTF-8', 'LS_COLORS': 'rs=0:di=01;34:ln=01;36:mh=00:pi=40;33:so=01;35:do=01;35:bd=40;33;01:cd=40;33;01:or=40;31;01:mi=00:su=37;41:sg=30;43:ca=30;41:tw=30;42:ow=34;42:st=37;44:ex=01;32:*.tar=01;31:*.tgz=01;31:*.arc=01;31:*.arj=01;31:*.taz=01;31:*.lha=01;31:*.lz4=01;31:*.lzh=01;31:*.lzma=01;31:*.tlz=01;31:*.txz=01;31:*.tzo=01;31:*.t7z=01;31:*.zip=01;31:*.z=01;31:*.dz=01;31:*.gz=01;31:*.lrz=01;31:*.lz=01;31:*.lzo=01;31:*.xz=01;31:*.zst=01;31:*.tzst=01;31:*.bz2=01;31:*.bz=01;31:*.tbz=01;31:*.tbz2=01;31:*.tz=01;31:*.deb=01;31:*.rpm=01;31:*.jar=01;31:*.war=01;31:*.ear=01;31:*.sar=01;31:*.rar=01;31:*.alz=01;31:*.ace=01;31:*.zoo=01;31:*.cpio=01;31:*.7z=01;31:*.rz=01;31:*.cab=01;31:*.wim=01;31:*.swm=01;31:*.dwm=01;31:*.esd=01;31:*.jpg=01;35:*.jpeg=01;35:*.mjpg=01;35:*.mjpeg=01;35:*.gif=01;35:*.bmp=01;35:*.pbm=01;35:*.pgm=01;35:*.ppm=01;35:*.tga=01;35:*.xbm=01;35:*.xpm=01;35:*.tif=01;35:*.tiff=01;35:*.png=01;35:*.svg=01;35:*.svgz=01;35:*.mng=01;35:*.pcx=01;35:*.mov=01;35:*.mpg=01;35:*.mpeg=01;35:*.m2v=01;35:*.mkv=01;35:*.webm=01;35:*.webp=01;35:*.ogm=01;35:*.mp4=01;35:*.m4v=01;35:*.mp4v=01;35:*.vob=01;35:*.qt=01;35:*.nuv=01;35:*.wmv=01;35:*.asf=01;35:*.rm=01;35:*.rmvb=01;35:*.flc=01;35:*.avi=01;35:*.fli=01;35:*.flv=01;35:*.gl=01;35:*.dl=01;35:*.xcf=01;35:*.xwd=01;35:*.yuv=01;35:*.cgm=01;35:*.emf=01;35:*.ogv=01;35:*.ogx=01;35:*.aac=00;36:*.au=00;36:*.flac=00;36:*.m4a=00;36:*.mid=00;36:*.midi=00;36:*.mka=00;36:*.mp3=00;36:*.mpc=00;36:*.ogg=00;36:*.ra=00;36:*.wav=00;36:*.oga=00;36:*.opus=00;36:*.spx=00;36:*.xspf=00;36:', 'XDG_CURRENT_DESKTOP': 'ubuntu:GNOME', 'VTE_VERSION': '6800', 'WAYLAND_DISPLAY': 'wayland-0', 'GNOME_TERMINAL_SCREEN': '/org/gnome/Terminal/screen/cd6fc108_6984_435b_8a43_4edb420a53f1', 'GNOME_SETUP_DISPLAY': ':1', 'LESSCLOSE': '/usr/bin/lesspipe %s %s', 'XDG_SESSION_CLASS': 'user', 'TERM': 'xterm-256color', 'LC_IDENTIFICATION': 'ar_EG.UTF-8', 'LESSOPEN': '| /usr/bin/lesspipe %s', 'GNOME_TERMINAL_SERVICE': ':1.117', 'DISPLAY': ':0', 'SHLVL': '1', 'LC_TELEPHONE': 'ar_EG.UTF-8', 'QT_IM_MODULE': 'ibus', 'LC_MEASUREMENT': 'ar_EG.UTF-8', 'XDG_RUNTIME_DIR': '/run/user/1000', 'LC_TIME': 'ar_EG.UTF-8', 'XDG_DATA_DIRS': '/usr/share/ubuntu:/home/mohamed-elsayed/.local/share/flatpak/exports/share:/var/lib/flatpak/exports/share:/usr/local/share/:/usr/share/:/var/lib/snapd/desktop', 'GDMSESSION': 'ubuntu', 'DBUS_SESSION_BUS_ADDRESS': 'unix:path=/run/user/1000/bus', 'LC_NUMERIC': 'ar_EG.UTF-8', 'OLDPWD': '/home/mohamed-elsayed/Desktop', '_': '/home/mohamed-elsayed/Desktop/bitbake/bin/bitbake'}, ['/home/mohamed-elsayed/Desktop/bitbake/bin/bitbake', 'printhello']]
7967 16:45:09.418709 Base config valid
7967 16:45:09.418812 Sending reply (None, None)
7967 16:45:09.418942 Command Completed (socket: True)
7967 16:45:09.419253 Running command ['getVariable', 'BBINCLUDELOGS']
7967 16:45:09.419314 Sending reply (None, None)
7967 16:45:09.419376 Command Completed (socket: True)
7967 16:45:09.419462 Running command ['getVariable', 'BBINCLUDELOGS_LINES']
7967 16:45:09.419487 Sending reply (None, None)
7967 16:45:09.419522 Command Completed (socket: True)
7967 16:45:09.419605 Running command ['getSetVariable', 'BB_CONSOLELOG']
7967 16:45:09.419650 Sending reply (None, None)
7967 16:45:09.419683 Command Completed (socket: True)
7967 16:45:09.419762 Running command ['getSetVariable', 'BB_LOGCONFIG']
7967 16:45:09.419791 Sending reply (None, None)
7967 16:45:09.419824 Command Completed (socket: True)
7967 16:45:09.420957 Running command ['getUIHandlerNum']
7967 16:45:09.420987 Sending reply (1, None)
7967 16:45:09.421045 Command Completed (socket: True)
7967 16:45:09.421126 Running command ['setEventMask', 1, 20, {}, ['bb.runqueue.runQueueExitWait', 'bb.event.LogExecTTY', 'logging.LogRecord', 'bb.build.TaskFailed', 'bb.build.TaskBase', 'bb.event.ParseStarted', 'bb.event.ParseProgress', 'bb.event.ParseCompleted', 'bb.event.CacheLoadStarted', 'bb.event.CacheLoadProgress', 'bb.event.CacheLoadCompleted', 'bb.command.CommandFailed', 'bb.command.CommandExit', 'bb.command.CommandCompleted', 'bb.cooker.CookerExit', 'bb.event.MultipleProviders', 'bb.event.NoProvider', 'bb.runqueue.sceneQueueTaskStarted', 'bb.runqueue.runQueueTaskStarted', 'bb.runqueue.runQueueTaskFailed', 'bb.runqueue.sceneQueueTaskFailed', 'bb.event.BuildBase', 'bb.build.TaskStarted', 'bb.build.TaskSucceeded', 'bb.build.TaskFailedSilent', 'bb.build.TaskProgress', 'bb.event.ProcessStarted', 'bb.event.ProcessProgress', 'bb.event.ProcessFinished']]
7967 16:45:09.421147 Sending reply (True, None)
7967 16:45:09.421189 Command Completed (socket: True)
7967 16:45:09.421248 Running command ['getVariable', 'BB_DEFAULT_TASK']
7967 16:45:09.421278 Sending reply (None, None)
7967 16:45:09.421308 Command Completed (socket: True)
7967 16:45:09.421356 Running command ['setConfig', 'cmd', 'build']
7967 16:45:09.421373 Sending reply (None, None)
7967 16:45:09.421400 Command Completed (socket: True)
7967 16:45:09.421454 Running command ['buildTargets', ['printhello'], 'build']
7967 16:45:09.421491 Registering idle function <bound method Command.runAsyncCommand of <bb.command.Command object at 0x7667efe36710>>
7967 16:45:09.421498 Sending reply (True, None)
7967 16:45:09.421525 Command Completed (socket: True)
7967 16:45:10.413207 Parsing started
7967 16:45:10.414457 Parse cache valid
7967 16:45:10.415119 Removing idle function <bound method Command.runAsyncCommand of <bb.command.Command object at 0x7667efe36710>> at idleFinish
7967 16:45:10.415217 Processing Client
7967 16:45:10.415275 Disconnecting Client (socket: True)
7967 16:45:10.415411 Parse cache invalidated
7967 16:45:10.415427 No timeout, exiting.
7967 16:45:11.416551 Exiting (socket: True)
7967 16:45:11.417074 Exiting as we could obtain the lock
8195 16:50:47.414329 --- Starting bitbake server pid 8195 at 2025-02-23 16:50:47.414292 ---
8195 16:50:47.415331 Started bitbake server pid 8195
8195 16:50:47.415592 Entering server connection loop
8195 16:50:47.415623 Lockfile is: /home/mohamed-elsayed/Desktop/hello_world_example/bitbake.lock
Socket is /home/mohamed-elsayed/Desktop/hello_world_example/bitbake.sock (True)
8195 16:50:47.416020 Accepting [<socket.socket fd=4, family=AddressFamily.AF_UNIX, type=SocketKind.SOCK_STREAM, proto=0, laddr=bitbake.sock>] ([])
8195 16:50:47.416582 Processing Client
8195 16:50:47.416623 Connecting Client
8195 16:50:47.416909 Running command ['setFeatures', [2, 1]]
8195 16:50:47.416944 Sending reply (None, None)
8195 16:50:47.417007 Command Completed (socket: True)
8195 16:50:47.417668 Running command ['updateConfig', {'halt': True, 'force': False, 'invalidate_stamp': None, 'dry_run': False, 'dump_signatures': [], 'extra_assume_provided': [], 'profile': False, 'prefile': [], 'postfile': [], 'server_timeout': None, 'nosetscene': False, 'setsceneonly': False, 'skipsetscene': False, 'runall': [], 'runonly': None, 'writeeventlog': None, 'build_verbose_shell': False, 'build_verbose_stdout': False, 'default_loglevel': 20, 'debug_domains': {}}, {'SHELL': '/bin/bash', 'PWD': '/home/mohamed-elsayed/Desktop/hello_world_example', 'LOGNAME': 'mohamed-elsayed', 'HOME': '/home/mohamed-elsayed', 'BBPATH': '/home/mohamed-elsayed/Desktop/hello_world_example', 'USER': 'mohamed-elsayed', 'PATH': '/home/mohamed-elsayed/Desktop/bitbake:/usr/local/sbin:/usr/local/bin:/usr/sbin:/usr/bin:/sbin:/bin:/usr/games:/usr/local/games:/snap/bin:/snap/bin:/home/mohamed-elsayed/Desktop/bitbake/bin', 'LC_ALL': 'en_US.UTF-8', 'SESSION_MANAGER': 'local/mohamedelsayed-HP-ZBook-15:@/tmp/.ICE-unix/1838,unix/mohamedelsayed-HP-ZBook-15:/tmp/.ICE-unix/1838', 'QT_ACCESSIBILITY': '1', 'COLORTERM': 'truecolor', 'XDG_CONFIG_DIRS': '/etc/xdg/xdg-ubuntu:/etc/xdg', 'SSH_AGENT_LAUNCHER': 'gnome-keyring', 'XDG_MENU_PREFIX': 'gnome-', 'GNOME_DESKTOP_SESSION_ID': 'this-is-deprecated', 'LC_ADDRESS': 'ar_EG.UTF-8', 'GNOME_SHELL_SESSION_MODE': 'ubuntu', 'LC_NAME': 'ar_EG.UTF-8', 'SSH_AUTH_SOCK': '/run/user/1000/keyring/ssh', 'XMODIFIERS': '@im=ibus', 'DESKTOP_SESSION': 'ubuntu', 'LC_MONETARY': 'ar_EG.UTF-8', 'GTK_MODULES': 'gail:atk-bridge', 'XDG_SESSION_DESKTOP': 'ubuntu', 'XDG_SESSION_TYPE': 'wayland', 'SYSTEMD_EXEC_PID': '1997', 'XAUTHORITY': '/run/user/1000/.mutter-Xwaylandauth.JED312', 'USERNAME': 'mohamed-elsayed', 'IM_CONFIG_PHASE': '1', 'LC_PAPER': 'ar_EG.UTF-8', 'LANG': 'en_US.UTF-8', 'LS_COLORS': 'rs=0:di=01;34:ln=01;36:mh=00:pi=40;33:so=01;35:do=01;35:bd=40;33;01:cd=40;33;01:or=40;31;01:mi=00:su=37;41:sg=30;43:ca=30;41:tw=30;42:ow=34;42:st=37;44:ex=01;32:*.tar=01;31:*.tgz=01;31:*.arc=01;31:*.arj=01;31:*.taz=01;31:*.lha=01;31:*.lz4=01;31:*.lzh=01;31:*.lzma=01;31:*.tlz=01;31:*.txz=01;31:*.tzo=01;31:*.t7z=01;31:*.zip=01;31:*.z=01;31:*.dz=01;31:*.gz=01;31:*.lrz=01;31:*.lz=01;31:*.lzo=01;31:*.xz=01;31:*.zst=01;31:*.tzst=01;31:*.bz2=01;31:*.bz=01;31:*.tbz=01;31:*.tbz2=01;31:*.tz=01;31:*.deb=01;31:*.rpm=01;31:*.jar=01;31:*.war=01;31:*.ear=01;31:*.sar=01;31:*.rar=01;31:*.alz=01;31:*.ace=01;31:*.zoo=01;31:*.cpio=01;31:*.7z=01;31:*.rz=01;31:*.cab=01;31:*.wim=01;31:*.swm=01;31:*.dwm=01;31:*.esd=01;31:*.jpg=01;35:*.jpeg=01;35:*.mjpg=01;35:*.mjpeg=01;35:*.gif=01;35:*.bmp=01;35:*.pbm=01;35:*.pgm=01;35:*.ppm=01;35:*.tga=01;35:*.xbm=01;35:*.xpm=01;35:*.tif=01;35:*.tiff=01;35:*.png=01;35:*.svg=01;35:*.svgz=01;35:*.mng=01;35:*.pcx=01;35:*.mov=01;35:*.mpg=01;35:*.mpeg=01;35:*.m2v=01;35:*.mkv=01;35:*.webm=01;35:*.webp=01;35:*.ogm=01;35:*.mp4=01;35:*.m4v=01;35:*.mp4v=01;35:*.vob=01;35:*.qt=01;35:*.nuv=01;35:*.wmv=01;35:*.asf=01;35:*.rm=01;35:*.rmvb=01;35:*.flc=01;35:*.avi=01;35:*.fli=01;35:*.flv=01;35:*.gl=01;35:*.dl=01;35:*.xcf=01;35:*.xwd=01;35:*.yuv=01;35:*.cgm=01;35:*.emf=01;35:*.ogv=01;35:*.ogx=01;35:*.aac=00;36:*.au=00;36:*.flac=00;36:*.m4a=00;36:*.mid=00;36:*.midi=00;36:*.mka=00;36:*.mp3=00;36:*.mpc=00;36:*.ogg=00;36:*.ra=00;36:*.wav=00;36:*.oga=00;36:*.opus=00;36:*.spx=00;36:*.xspf=00;36:', 'XDG_CURRENT_DESKTOP': 'ubuntu:GNOME', 'VTE_VERSION': '6800', 'WAYLAND_DISPLAY': 'wayland-0', 'GNOME_TERMINAL_SCREEN': '/org/gnome/Terminal/screen/cd6fc108_6984_435b_8a43_4edb420a53f1', 'GNOME_SETUP_DISPLAY': ':1', 'LESSCLOSE': '/usr/bin/lesspipe %s %s', 'XDG_SESSION_CLASS': 'user', 'TERM': 'xterm-256color', 'LC_IDENTIFICATION': 'ar_EG.UTF-8', 'LESSOPEN': '| /usr/bin/lesspipe %s', 'GNOME_TERMINAL_SERVICE': ':1.117', 'DISPLAY': ':0', 'SHLVL': '1', 'LC_TELEPHONE': 'ar_EG.UTF-8', 'QT_IM_MODULE': 'ibus', 'LC_MEASUREMENT': 'ar_EG.UTF-8', 'XDG_RUNTIME_DIR': '/run/user/1000', 'LC_TIME': 'ar_EG.UTF-8', 'XDG_DATA_DIRS': '/usr/share/ubuntu:/home/mohamed-elsayed/.local/share/flatpak/exports/share:/var/lib/flatpak/exports/share:/usr/local/share/:/usr/share/:/var/lib/snapd/desktop', 'GDMSESSION': 'ubuntu', 'DBUS_SESSION_BUS_ADDRESS': 'unix:path=/run/user/1000/bus', 'LC_NUMERIC': 'ar_EG.UTF-8', 'OLDPWD': '/home/mohamed-elsayed/Desktop/hello_world_example/conf', '_': '/home/mohamed-elsayed/Desktop/bitbake/bin/bitbake'}, ['/home/mohamed-elsayed/Desktop/bitbake/bin/bitbake', 'printhello']]
8195 16:50:47.453179 Sending reply (None, 'bb.BBHandledException()\nTraceback (most recent call last):\n  File "/home/mohamed-elsayed/Desktop/bitbake/lib/bb/cookerdata.py", line 163, in wrapped\n    return func(fn, *args)\n  File "/home/mohamed-elsayed/Desktop/bitbake/lib/bb/cookerdata.py", line 180, in parse_config_file\n    return bb.parse.handle(fn, data, include, baseconfig=True)\n  File "/home/mohamed-elsayed/Desktop/bitbake/lib/bb/parse/__init__.py", line 119, in handle\n    return h[\'handle\'](fn, data, include, baseconfig)\n  File "/home/mohamed-elsayed/Desktop/bitbake/lib/bb/parse/parse_py/ConfHandler.py", line 150, in handle\n    feeder(lineno, s, abs_fn, statements, baseconfig=baseconfig)\n  File "/home/mohamed-elsayed/Desktop/bitbake/lib/bb/parse/parse_py/ConfHandler.py", line 214, in feeder\n    raise ParseError("unparsed line: \'%s\'" % s, fn, lineno);\nbb.parse.ParseError: ParseError at /home/mohamed-elsayed/Desktop/hello_world_example/conf/bblayers.conf:2: unparsed line: \'BBLAYERS ?=\'\n\nDuring handling of the above exception, another exception occurred:\n\nTraceback (most recent call last):\n  File "/home/mohamed-elsayed/Desktop/bitbake/lib/bb/command.py", line 91, in runCommand\n    result = command_method(self, commandline)\n  File "/home/mohamed-elsayed/Desktop/bitbake/lib/bb/command.py", line 291, in updateConfig\n    command.cooker.updateConfigOpts(options, environment, cmdline)\n  File "/home/mohamed-elsayed/Desktop/bitbake/lib/bb/cooker.py", line 465, in updateConfigOpts\n    self.reset()\n  File "/home/mohamed-elsayed/Desktop/bitbake/lib/bb/cooker.py", line 1733, in reset\n    self.initConfigurationData()\n  File "/home/mohamed-elsayed/Desktop/bitbake/lib/bb/cooker.py", line 281, in initConfigurationData\n    self.databuilder.parseBaseConfiguration()\n  File "/home/mohamed-elsayed/Desktop/bitbake/lib/bb/cookerdata.py", line 269, in parseBaseConfiguration\n    self.data = self.parseConfigurationFiles(self.prefiles, self.postfiles)\n  File "/home/mohamed-elsayed/Desktop/bitbake/lib/bb/cookerdata.py", line 363, in parseConfigurationFiles\n    data = parse_config_file(layerconf, data)\n  File "/home/mohamed-elsayed/Desktop/bitbake/lib/bb/cookerdata.py", line 175, in wrapped\n    raise bb.BBHandledException()\nbb.BBHandledException\n')
8195 16:50:47.453240 Command Completed (socket: True)
8195 16:50:47.703175 Processing Client
8195 16:50:47.703256 Disconnecting Client (socket: True)
8195 16:50:47.703384 No timeout, exiting.
8195 16:50:48.704567 Exiting (socket: True)
8195 16:50:48.705201 Exiting as we could obtain the lock
8241 16:51:46.005406 --- Starting bitbake server pid 8241 at 2025-02-23 16:51:46.005380 ---
8241 16:51:46.006379 Started bitbake server pid 8241
8241 16:51:46.006588 Entering server connection loop
8241 16:51:46.006614 Lockfile is: /home/mohamed-elsayed/Desktop/hello_world_example/bitbake.lock
Socket is /home/mohamed-elsayed/Desktop/hello_world_example/bitbake.sock (True)
8241 16:51:46.006957 Accepting [<socket.socket fd=4, family=AddressFamily.AF_UNIX, type=SocketKind.SOCK_STREAM, proto=0, laddr=bitbake.sock>] ([])
8241 16:51:46.007463 Processing Client
8241 16:51:46.007520 Connecting Client
8241 16:51:46.007950 Running command ['setFeatures', [2, 1]]
8241 16:51:46.007995 Sending reply (None, None)
8241 16:51:46.008086 Command Completed (socket: True)
8241 16:51:46.008737 Running command ['updateConfig', {'halt': True, 'force': False, 'invalidate_stamp': None, 'dry_run': False, 'dump_signatures': [], 'extra_assume_provided': [], 'profile': False, 'prefile': [], 'postfile': [], 'server_timeout': None, 'nosetscene': False, 'setsceneonly': False, 'skipsetscene': False, 'runall': [], 'runonly': None, 'writeeventlog': None, 'build_verbose_shell': False, 'build_verbose_stdout': False, 'default_loglevel': 20, 'debug_domains': {}}, {'SHELL': '/bin/bash', 'PWD': '/home/mohamed-elsayed/Desktop/hello_world_example', 'LOGNAME': 'mohamed-elsayed', 'HOME': '/home/mohamed-elsayed', 'BBPATH': '/home/mohamed-elsayed/Desktop/hello_world_example', 'USER': 'mohamed-elsayed', 'PATH': '/home/mohamed-elsayed/Desktop/bitbake:/usr/local/sbin:/usr/local/bin:/usr/sbin:/usr/bin:/sbin:/bin:/usr/games:/usr/local/games:/snap/bin:/snap/bin:/home/mohamed-elsayed/Desktop/bitbake/bin', 'LC_ALL': 'en_US.UTF-8', 'SESSION_MANAGER': 'local/mohamedelsayed-HP-ZBook-15:@/tmp/.ICE-unix/1838,unix/mohamedelsayed-HP-ZBook-15:/tmp/.ICE-unix/1838', 'QT_ACCESSIBILITY': '1', 'COLORTERM': 'truecolor', 'XDG_CONFIG_DIRS': '/etc/xdg/xdg-ubuntu:/etc/xdg', 'SSH_AGENT_LAUNCHER': 'gnome-keyring', 'XDG_MENU_PREFIX': 'gnome-', 'GNOME_DESKTOP_SESSION_ID': 'this-is-deprecated', 'LC_ADDRESS': 'ar_EG.UTF-8', 'GNOME_SHELL_SESSION_MODE': 'ubuntu', 'LC_NAME': 'ar_EG.UTF-8', 'SSH_AUTH_SOCK': '/run/user/1000/keyring/ssh', 'XMODIFIERS': '@im=ibus', 'DESKTOP_SESSION': 'ubuntu', 'LC_MONETARY': 'ar_EG.UTF-8', 'GTK_MODULES': 'gail:atk-bridge', 'XDG_SESSION_DESKTOP': 'ubuntu', 'XDG_SESSION_TYPE': 'wayland', 'SYSTEMD_EXEC_PID': '1997', 'XAUTHORITY': '/run/user/1000/.mutter-Xwaylandauth.JED312', 'USERNAME': 'mohamed-elsayed', 'IM_CONFIG_PHASE': '1', 'LC_PAPER': 'ar_EG.UTF-8', 'LANG': 'en_US.UTF-8', 'LS_COLORS': 'rs=0:di=01;34:ln=01;36:mh=00:pi=40;33:so=01;35:do=01;35:bd=40;33;01:cd=40;33;01:or=40;31;01:mi=00:su=37;41:sg=30;43:ca=30;41:tw=30;42:ow=34;42:st=37;44:ex=01;32:*.tar=01;31:*.tgz=01;31:*.arc=01;31:*.arj=01;31:*.taz=01;31:*.lha=01;31:*.lz4=01;31:*.lzh=01;31:*.lzma=01;31:*.tlz=01;31:*.txz=01;31:*.tzo=01;31:*.t7z=01;31:*.zip=01;31:*.z=01;31:*.dz=01;31:*.gz=01;31:*.lrz=01;31:*.lz=01;31:*.lzo=01;31:*.xz=01;31:*.zst=01;31:*.tzst=01;31:*.bz2=01;31:*.bz=01;31:*.tbz=01;31:*.tbz2=01;31:*.tz=01;31:*.deb=01;31:*.rpm=01;31:*.jar=01;31:*.war=01;31:*.ear=01;31:*.sar=01;31:*.rar=01;31:*.alz=01;31:*.ace=01;31:*.zoo=01;31:*.cpio=01;31:*.7z=01;31:*.rz=01;31:*.cab=01;31:*.wim=01;31:*.swm=01;31:*.dwm=01;31:*.esd=01;31:*.jpg=01;35:*.jpeg=01;35:*.mjpg=01;35:*.mjpeg=01;35:*.gif=01;35:*.bmp=01;35:*.pbm=01;35:*.pgm=01;35:*.ppm=01;35:*.tga=01;35:*.xbm=01;35:*.xpm=01;35:*.tif=01;35:*.tiff=01;35:*.png=01;35:*.svg=01;35:*.svgz=01;35:*.mng=01;35:*.pcx=01;35:*.mov=01;35:*.mpg=01;35:*.mpeg=01;35:*.m2v=01;35:*.mkv=01;35:*.webm=01;35:*.webp=01;35:*.ogm=01;35:*.mp4=01;35:*.m4v=01;35:*.mp4v=01;35:*.vob=01;35:*.qt=01;35:*.nuv=01;35:*.wmv=01;35:*.asf=01;35:*.rm=01;35:*.rmvb=01;35:*.flc=01;35:*.avi=01;35:*.fli=01;35:*.flv=01;35:*.gl=01;35:*.dl=01;35:*.xcf=01;35:*.xwd=01;35:*.yuv=01;35:*.cgm=01;35:*.emf=01;35:*.ogv=01;35:*.ogx=01;35:*.aac=00;36:*.au=00;36:*.flac=00;36:*.m4a=00;36:*.mid=00;36:*.midi=00;36:*.mka=00;36:*.mp3=00;36:*.mpc=00;36:*.ogg=00;36:*.ra=00;36:*.wav=00;36:*.oga=00;36:*.opus=00;36:*.spx=00;36:*.xspf=00;36:', 'XDG_CURRENT_DESKTOP': 'ubuntu:GNOME', 'VTE_VERSION': '6800', 'WAYLAND_DISPLAY': 'wayland-0', 'GNOME_TERMINAL_SCREEN': '/org/gnome/Terminal/screen/cd6fc108_6984_435b_8a43_4edb420a53f1', 'GNOME_SETUP_DISPLAY': ':1', 'LESSCLOSE': '/usr/bin/lesspipe %s %s', 'XDG_SESSION_CLASS': 'user', 'TERM': 'xterm-256color', 'LC_IDENTIFICATION': 'ar_EG.UTF-8', 'LESSOPEN': '| /usr/bin/lesspipe %s', 'GNOME_TERMINAL_SERVICE': ':1.117', 'DISPLAY': ':0', 'SHLVL': '1', 'LC_TELEPHONE': 'ar_EG.UTF-8', 'QT_IM_MODULE': 'ibus', 'LC_MEASUREMENT': 'ar_EG.UTF-8', 'XDG_RUNTIME_DIR': '/run/user/1000', 'LC_TIME': 'ar_EG.UTF-8', 'XDG_DATA_DIRS': '/usr/share/ubuntu:/home/mohamed-elsayed/.local/share/flatpak/exports/share:/var/lib/flatpak/exports/share:/usr/local/share/:/usr/share/:/var/lib/snapd/desktop', 'GDMSESSION': 'ubuntu', 'DBUS_SESSION_BUS_ADDRESS': 'unix:path=/run/user/1000/bus', 'LC_NUMERIC': 'ar_EG.UTF-8', 'OLDPWD': '/home/mohamed-elsayed/Desktop/hello_world_example/conf', '_': '/home/mohamed-elsayed/Desktop/bitbake/bin/bitbake'}, ['/home/mohamed-elsayed/Desktop/bitbake/bin/bitbake', 'printhello']]
8241 16:51:46.051285 Base config valid
8241 16:51:46.051351 Sending reply (None, None)
8241 16:51:46.051431 Command Completed (socket: True)
8241 16:51:46.051632 Running command ['getVariable', 'BBINCLUDELOGS']
8241 16:51:46.051668 Sending reply (None, None)
8241 16:51:46.051726 Command Completed (socket: True)
8241 16:51:46.051848 Running command ['getVariable', 'BBINCLUDELOGS_LINES']
8241 16:51:46.051873 Sending reply (None, None)
8241 16:51:46.051922 Command Completed (socket: True)
8241 16:51:46.052001 Running command ['getSetVariable', 'BB_CONSOLELOG']
8241 16:51:46.052059 Sending reply (None, None)
8241 16:51:46.052111 Command Completed (socket: True)
8241 16:51:46.052217 Running command ['getSetVariable', 'BB_LOGCONFIG']
8241 16:51:46.052259 Sending reply (None, None)
8241 16:51:46.052310 Command Completed (socket: True)
8241 16:51:46.053530 Running command ['getUIHandlerNum']
8241 16:51:46.053553 Sending reply (1, None)
8241 16:51:46.053611 Command Completed (socket: True)
8241 16:51:46.053735 Running command ['setEventMask', 1, 20, {}, ['bb.runqueue.runQueueExitWait', 'bb.event.LogExecTTY', 'logging.LogRecord', 'bb.build.TaskFailed', 'bb.build.TaskBase', 'bb.event.ParseStarted', 'bb.event.ParseProgress', 'bb.event.ParseCompleted', 'bb.event.CacheLoadStarted', 'bb.event.CacheLoadProgress', 'bb.event.CacheLoadCompleted', 'bb.command.CommandFailed', 'bb.command.CommandExit', 'bb.command.CommandCompleted', 'bb.cooker.CookerExit', 'bb.event.MultipleProviders', 'bb.event.NoProvider', 'bb.runqueue.sceneQueueTaskStarted', 'bb.runqueue.runQueueTaskStarted', 'bb.runqueue.runQueueTaskFailed', 'bb.runqueue.sceneQueueTaskFailed', 'bb.event.BuildBase', 'bb.build.TaskStarted', 'bb.build.TaskSucceeded', 'bb.build.TaskFailedSilent', 'bb.build.TaskProgress', 'bb.event.ProcessStarted', 'bb.event.ProcessProgress', 'bb.event.ProcessFinished']]
8241 16:51:46.053760 Sending reply (True, None)
8241 16:51:46.053798 Command Completed (socket: True)
8241 16:51:46.053914 Running command ['getVariable', 'BB_DEFAULT_TASK']
8241 16:51:46.053941 Sending reply (None, None)
8241 16:51:46.053976 Command Completed (socket: True)
8241 16:51:46.054091 Running command ['setConfig', 'cmd', 'build']
8241 16:51:46.054113 Sending reply (None, None)
8241 16:51:46.054154 Command Completed (socket: True)
8241 16:51:46.054231 Running command ['buildTargets', ['printhello'], 'build']
8241 16:51:46.054270 Registering idle function <bound method Command.runAsyncCommand of <bb.command.Command object at 0x7c402812a710>>
8241 16:51:46.054280 Sending reply (True, None)
8241 16:51:46.054315 Command Completed (socket: True)
8241 16:51:47.008120 Parsing started
8241 16:51:47.013334 Parse cache valid
8241 16:51:47.328793 Registering idle function <function BBCooker.buildTargets.<locals>.buildTargetsIdle at 0x7c4027df0e50>
8241 16:51:47.328829 Removing idle function <bound method Command.runAsyncCommand of <bb.command.Command object at 0x7c402812a710>>
8241 16:51:48.636430 Removing idle function <function BBCooker.buildTargets.<locals>.buildTargetsIdle at 0x7c4027df0e50> at idleFinish
8241 16:51:48.887477 Processing Client
8241 16:51:48.887601 Disconnecting Client (socket: True)
8241 16:51:48.887949 Parse cache invalidated
8241 16:51:48.887987 No timeout, exiting.
8241 16:51:49.889236 Exiting (socket: True)
8241 16:51:49.890101 Exiting as we could obtain the lock
8743 17:14:29.201983 --- Starting bitbake server pid 8743 at 2025-02-23 17:14:29.201964 ---
8743 17:14:29.202814 Started bitbake server pid 8743
8743 17:14:29.203050 Entering server connection loop
8743 17:14:29.203077 Lockfile is: /home/mohamed-elsayed/Desktop/hello_world_example/bitbake.lock
Socket is /home/mohamed-elsayed/Desktop/hello_world_example/bitbake.sock (True)
8743 17:14:29.203436 Accepting [<socket.socket fd=4, family=AddressFamily.AF_UNIX, type=SocketKind.SOCK_STREAM, proto=0, laddr=bitbake.sock>] ([])
8743 17:14:29.203869 Processing Client
8743 17:14:29.203901 Connecting Client
8743 17:14:29.204186 Running command ['setFeatures', [2, 1]]
8743 17:14:29.204222 Sending reply (None, None)
8743 17:14:29.204283 Command Completed (socket: True)
8743 17:14:29.204891 Running command ['updateConfig', {'halt': True, 'force': False, 'invalidate_stamp': None, 'dry_run': False, 'dump_signatures': [], 'extra_assume_provided': [], 'profile': False, 'prefile': [], 'postfile': [], 'server_timeout': None, 'nosetscene': False, 'setsceneonly': False, 'skipsetscene': False, 'runall': [], 'runonly': None, 'writeeventlog': None, 'build_verbose_shell': False, 'build_verbose_stdout': False, 'default_loglevel': 20, 'debug_domains': {}}, {'SHELL': '/bin/bash', 'PWD': '/home/mohamed-elsayed/Desktop', 'LOGNAME': 'mohamed-elsayed', 'HOME': '/home/mohamed-elsayed', 'BBPATH': '/home/mohamed-elsayed/Desktop/hello_world_example', 'USER': 'mohamed-elsayed', 'PATH': '/home/mohamed-elsayed/Desktop/bitbake:/usr/local/sbin:/usr/local/bin:/usr/sbin:/usr/bin:/sbin:/bin:/usr/games:/usr/local/games:/snap/bin:/snap/bin:/home/mohamed-elsayed/Desktop/bitbake/bin', 'LC_ALL': 'en_US.UTF-8', 'SESSION_MANAGER': 'local/mohamedelsayed-HP-ZBook-15:@/tmp/.ICE-unix/1838,unix/mohamedelsayed-HP-ZBook-15:/tmp/.ICE-unix/1838', 'QT_ACCESSIBILITY': '1', 'COLORTERM': 'truecolor', 'XDG_CONFIG_DIRS': '/etc/xdg/xdg-ubuntu:/etc/xdg', 'SSH_AGENT_LAUNCHER': 'gnome-keyring', 'XDG_MENU_PREFIX': 'gnome-', 'GNOME_DESKTOP_SESSION_ID': 'this-is-deprecated', 'LC_ADDRESS': 'ar_EG.UTF-8', 'GNOME_SHELL_SESSION_MODE': 'ubuntu', 'LC_NAME': 'ar_EG.UTF-8', 'SSH_AUTH_SOCK': '/run/user/1000/keyring/ssh', 'XMODIFIERS': '@im=ibus', 'DESKTOP_SESSION': 'ubuntu', 'LC_MONETARY': 'ar_EG.UTF-8', 'GTK_MODULES': 'gail:atk-bridge', 'XDG_SESSION_DESKTOP': 'ubuntu', 'XDG_SESSION_TYPE': 'wayland', 'SYSTEMD_EXEC_PID': '1997', 'XAUTHORITY': '/run/user/1000/.mutter-Xwaylandauth.JED312', 'USERNAME': 'mohamed-elsayed', 'IM_CONFIG_PHASE': '1', 'LC_PAPER': 'ar_EG.UTF-8', 'LANG': 'en_US.UTF-8', 'LS_COLORS': 'rs=0:di=01;34:ln=01;36:mh=00:pi=40;33:so=01;35:do=01;35:bd=40;33;01:cd=40;33;01:or=40;31;01:mi=00:su=37;41:sg=30;43:ca=30;41:tw=30;42:ow=34;42:st=37;44:ex=01;32:*.tar=01;31:*.tgz=01;31:*.arc=01;31:*.arj=01;31:*.taz=01;31:*.lha=01;31:*.lz4=01;31:*.lzh=01;31:*.lzma=01;31:*.tlz=01;31:*.txz=01;31:*.tzo=01;31:*.t7z=01;31:*.zip=01;31:*.z=01;31:*.dz=01;31:*.gz=01;31:*.lrz=01;31:*.lz=01;31:*.lzo=01;31:*.xz=01;31:*.zst=01;31:*.tzst=01;31:*.bz2=01;31:*.bz=01;31:*.tbz=01;31:*.tbz2=01;31:*.tz=01;31:*.deb=01;31:*.rpm=01;31:*.jar=01;31:*.war=01;31:*.ear=01;31:*.sar=01;31:*.rar=01;31:*.alz=01;31:*.ace=01;31:*.zoo=01;31:*.cpio=01;31:*.7z=01;31:*.rz=01;31:*.cab=01;31:*.wim=01;31:*.swm=01;31:*.dwm=01;31:*.esd=01;31:*.jpg=01;35:*.jpeg=01;35:*.mjpg=01;35:*.mjpeg=01;35:*.gif=01;35:*.bmp=01;35:*.pbm=01;35:*.pgm=01;35:*.ppm=01;35:*.tga=01;35:*.xbm=01;35:*.xpm=01;35:*.tif=01;35:*.tiff=01;35:*.png=01;35:*.svg=01;35:*.svgz=01;35:*.mng=01;35:*.pcx=01;35:*.mov=01;35:*.mpg=01;35:*.mpeg=01;35:*.m2v=01;35:*.mkv=01;35:*.webm=01;35:*.webp=01;35:*.ogm=01;35:*.mp4=01;35:*.m4v=01;35:*.mp4v=01;35:*.vob=01;35:*.qt=01;35:*.nuv=01;35:*.wmv=01;35:*.asf=01;35:*.rm=01;35:*.rmvb=01;35:*.flc=01;35:*.avi=01;35:*.fli=01;35:*.flv=01;35:*.gl=01;35:*.dl=01;35:*.xcf=01;35:*.xwd=01;35:*.yuv=01;35:*.cgm=01;35:*.emf=01;35:*.ogv=01;35:*.ogx=01;35:*.aac=00;36:*.au=00;36:*.flac=00;36:*.m4a=00;36:*.mid=00;36:*.midi=00;36:*.mka=00;36:*.mp3=00;36:*.mpc=00;36:*.ogg=00;36:*.ra=00;36:*.wav=00;36:*.oga=00;36:*.opus=00;36:*.spx=00;36:*.xspf=00;36:', 'XDG_CURRENT_DESKTOP': 'ubuntu:GNOME', 'VTE_VERSION': '6800', 'WAYLAND_DISPLAY': 'wayland-0', 'GNOME_TERMINAL_SCREEN': '/org/gnome/Terminal/screen/cd6fc108_6984_435b_8a43_4edb420a53f1', 'GNOME_SETUP_DISPLAY': ':1', 'LESSCLOSE': '/usr/bin/lesspipe %s %s', 'XDG_SESSION_CLASS': 'user', 'TERM': 'xterm-256color', 'LC_IDENTIFICATION': 'ar_EG.UTF-8', 'LESSOPEN': '| /usr/bin/lesspipe %s', 'GNOME_TERMINAL_SERVICE': ':1.117', 'DISPLAY': ':0', 'SHLVL': '1', 'LC_TELEPHONE': 'ar_EG.UTF-8', 'QT_IM_MODULE': 'ibus', 'LC_MEASUREMENT': 'ar_EG.UTF-8', 'XDG_RUNTIME_DIR': '/run/user/1000', 'LC_TIME': 'ar_EG.UTF-8', 'XDG_DATA_DIRS': '/usr/share/ubuntu:/home/mohamed-elsayed/.local/share/flatpak/exports/share:/var/lib/flatpak/exports/share:/usr/local/share/:/usr/share/:/var/lib/snapd/desktop', 'GDMSESSION': 'ubuntu', 'DBUS_SESSION_BUS_ADDRESS': 'unix:path=/run/user/1000/bus', 'LC_NUMERIC': 'ar_EG.UTF-8', 'OLDPWD': '/home/mohamed-elsayed/Desktop/mylayer', '_': '/home/mohamed-elsayed/Desktop/bitbake/bin/bitbake'}, ['/home/mohamed-elsayed/Desktop/bitbake/bin/bitbake', 'printhello']]
8743 17:14:29.210956 Base config valid
8743 17:14:29.211008 Sending reply (None, None)
8743 17:14:29.211057 Command Completed (socket: True)
8743 17:14:29.211206 Running command ['getVariable', 'BBINCLUDELOGS']
8743 17:14:29.211236 Sending reply (None, None)
8743 17:14:29.211269 Command Completed (socket: True)
8743 17:14:29.211362 Running command ['getVariable', 'BBINCLUDELOGS_LINES']
8743 17:14:29.211382 Sending reply (None, None)
8743 17:14:29.211410 Command Completed (socket: True)
8743 17:14:29.211492 Running command ['getSetVariable', 'BB_CONSOLELOG']
8743 17:14:29.211520 Sending reply (None, None)
8743 17:14:29.211549 Command Completed (socket: True)
8743 17:14:29.211728 Running command ['getSetVariable', 'BB_LOGCONFIG']
8743 17:14:29.211755 Sending reply (None, None)
8743 17:14:29.211789 Command Completed (socket: True)
8743 17:14:29.212882 Running command ['getUIHandlerNum']
8743 17:14:29.212908 Sending reply (1, None)
8743 17:14:29.212954 Command Completed (socket: True)
8743 17:14:29.213066 Running command ['setEventMask', 1, 20, {}, ['bb.runqueue.runQueueExitWait', 'bb.event.LogExecTTY', 'logging.LogRecord', 'bb.build.TaskFailed', 'bb.build.TaskBase', 'bb.event.ParseStarted', 'bb.event.ParseProgress', 'bb.event.ParseCompleted', 'bb.event.CacheLoadStarted', 'bb.event.CacheLoadProgress', 'bb.event.CacheLoadCompleted', 'bb.command.CommandFailed', 'bb.command.CommandExit', 'bb.command.CommandCompleted', 'bb.cooker.CookerExit', 'bb.event.MultipleProviders', 'bb.event.NoProvider', 'bb.runqueue.sceneQueueTaskStarted', 'bb.runqueue.runQueueTaskStarted', 'bb.runqueue.runQueueTaskFailed', 'bb.runqueue.sceneQueueTaskFailed', 'bb.event.BuildBase', 'bb.build.TaskStarted', 'bb.build.TaskSucceeded', 'bb.build.TaskFailedSilent', 'bb.build.TaskProgress', 'bb.event.ProcessStarted', 'bb.event.ProcessProgress', 'bb.event.ProcessFinished']]
8743 17:14:29.213086 Sending reply (True, None)
8743 17:14:29.213123 Command Completed (socket: True)
8743 17:14:29.213210 Running command ['getVariable', 'BB_DEFAULT_TASK']
8743 17:14:29.213236 Sending reply (None, None)
8743 17:14:29.213267 Command Completed (socket: True)
8743 17:14:29.213318 Running command ['setConfig', 'cmd', 'build']
8743 17:14:29.213333 Sending reply (None, None)
8743 17:14:29.213360 Command Completed (socket: True)
8743 17:14:29.213416 Running command ['buildTargets', ['printhello'], 'build']
8743 17:14:29.213447 Registering idle function <bound method Command.runAsyncCommand of <bb.command.Command object at 0x790b95202710>>
8743 17:14:29.213454 Sending reply (True, None)
8743 17:14:29.213481 Command Completed (socket: True)
8743 17:14:30.204531 Parsing started
8743 17:14:30.209559 Parse cache valid
8743 17:14:30.499246 Registering idle function <function BBCooker.buildTargets.<locals>.buildTargetsIdle at 0x790b95224e50>
8743 17:14:30.499284 Removing idle function <bound method Command.runAsyncCommand of <bb.command.Command object at 0x790b95202710>>
8743 17:14:30.770279 Removing idle function <function BBCooker.buildTargets.<locals>.buildTargetsIdle at 0x790b95224e50> at idleFinish
8743 17:14:31.021267 Processing Client
8743 17:14:31.021381 Disconnecting Client (socket: True)
8743 17:14:31.021653 Parse cache invalidated
8743 17:14:31.021684 No timeout, exiting.
8743 17:14:32.022858 Exiting (socket: True)
8743 17:14:32.023139 Lockfile directory gone, exiting.
8785 17:14:49.312035 --- Starting bitbake server pid 8785 at 2025-02-23 17:14:49.311995 ---
8785 17:14:49.313178 Started bitbake server pid 8785
8785 17:14:49.313449 Entering server connection loop
8785 17:14:49.313472 Lockfile is: /home/mohamed-elsayed/Desktop/hello_world_example/bitbake.lock
Socket is /home/mohamed-elsayed/Desktop/hello_world_example/bitbake.sock (True)
8785 17:14:49.313802 Accepting [<socket.socket fd=4, family=AddressFamily.AF_UNIX, type=SocketKind.SOCK_STREAM, proto=0, laddr=bitbake.sock>] ([])
8785 17:14:49.314277 Processing Client
8785 17:14:49.314308 Connecting Client
8785 17:14:49.314623 Running command ['setFeatures', [2, 1]]
8785 17:14:49.314679 Sending reply (None, None)
8785 17:14:49.314753 Command Completed (socket: True)
8785 17:14:49.315456 Running command ['updateConfig', {'halt': True, 'force': False, 'invalidate_stamp': None, 'dry_run': False, 'dump_signatures': [], 'extra_assume_provided': [], 'profile': False, 'prefile': [], 'postfile': [], 'server_timeout': None, 'nosetscene': False, 'setsceneonly': False, 'skipsetscene': False, 'runall': [], 'runonly': None, 'writeeventlog': None, 'build_verbose_shell': False, 'build_verbose_stdout': False, 'default_loglevel': 20, 'debug_domains': {}}, {'SHELL': '/bin/bash', 'PWD': '/home/mohamed-elsayed/Desktop/hello_world_example', 'LOGNAME': 'mohamed-elsayed', 'HOME': '/home/mohamed-elsayed', 'BBPATH': '/home/mohamed-elsayed/Desktop/hello_world_example', 'USER': 'mohamed-elsayed', 'PATH': '/home/mohamed-elsayed/Desktop/bitbake:/usr/local/sbin:/usr/local/bin:/usr/sbin:/usr/bin:/sbin:/bin:/usr/games:/usr/local/games:/snap/bin:/snap/bin:/home/mohamed-elsayed/Desktop/bitbake/bin', 'LC_ALL': 'en_US.UTF-8', 'SESSION_MANAGER': 'local/mohamedelsayed-HP-ZBook-15:@/tmp/.ICE-unix/1838,unix/mohamedelsayed-HP-ZBook-15:/tmp/.ICE-unix/1838', 'QT_ACCESSIBILITY': '1', 'COLORTERM': 'truecolor', 'XDG_CONFIG_DIRS': '/etc/xdg/xdg-ubuntu:/etc/xdg', 'SSH_AGENT_LAUNCHER': 'gnome-keyring', 'XDG_MENU_PREFIX': 'gnome-', 'GNOME_DESKTOP_SESSION_ID': 'this-is-deprecated', 'LC_ADDRESS': 'ar_EG.UTF-8', 'GNOME_SHELL_SESSION_MODE': 'ubuntu', 'LC_NAME': 'ar_EG.UTF-8', 'SSH_AUTH_SOCK': '/run/user/1000/keyring/ssh', 'XMODIFIERS': '@im=ibus', 'DESKTOP_SESSION': 'ubuntu', 'LC_MONETARY': 'ar_EG.UTF-8', 'GTK_MODULES': 'gail:atk-bridge', 'XDG_SESSION_DESKTOP': 'ubuntu', 'XDG_SESSION_TYPE': 'wayland', 'SYSTEMD_EXEC_PID': '1997', 'XAUTHORITY': '/run/user/1000/.mutter-Xwaylandauth.JED312', 'USERNAME': 'mohamed-elsayed', 'IM_CONFIG_PHASE': '1', 'LC_PAPER': 'ar_EG.UTF-8', 'LANG': 'en_US.UTF-8', 'LS_COLORS': 'rs=0:di=01;34:ln=01;36:mh=00:pi=40;33:so=01;35:do=01;35:bd=40;33;01:cd=40;33;01:or=40;31;01:mi=00:su=37;41:sg=30;43:ca=30;41:tw=30;42:ow=34;42:st=37;44:ex=01;32:*.tar=01;31:*.tgz=01;31:*.arc=01;31:*.arj=01;31:*.taz=01;31:*.lha=01;31:*.lz4=01;31:*.lzh=01;31:*.lzma=01;31:*.tlz=01;31:*.txz=01;31:*.tzo=01;31:*.t7z=01;31:*.zip=01;31:*.z=01;31:*.dz=01;31:*.gz=01;31:*.lrz=01;31:*.lz=01;31:*.lzo=01;31:*.xz=01;31:*.zst=01;31:*.tzst=01;31:*.bz2=01;31:*.bz=01;31:*.tbz=01;31:*.tbz2=01;31:*.tz=01;31:*.deb=01;31:*.rpm=01;31:*.jar=01;31:*.war=01;31:*.ear=01;31:*.sar=01;31:*.rar=01;31:*.alz=01;31:*.ace=01;31:*.zoo=01;31:*.cpio=01;31:*.7z=01;31:*.rz=01;31:*.cab=01;31:*.wim=01;31:*.swm=01;31:*.dwm=01;31:*.esd=01;31:*.jpg=01;35:*.jpeg=01;35:*.mjpg=01;35:*.mjpeg=01;35:*.gif=01;35:*.bmp=01;35:*.pbm=01;35:*.pgm=01;35:*.ppm=01;35:*.tga=01;35:*.xbm=01;35:*.xpm=01;35:*.tif=01;35:*.tiff=01;35:*.png=01;35:*.svg=01;35:*.svgz=01;35:*.mng=01;35:*.pcx=01;35:*.mov=01;35:*.mpg=01;35:*.mpeg=01;35:*.m2v=01;35:*.mkv=01;35:*.webm=01;35:*.webp=01;35:*.ogm=01;35:*.mp4=01;35:*.m4v=01;35:*.mp4v=01;35:*.vob=01;35:*.qt=01;35:*.nuv=01;35:*.wmv=01;35:*.asf=01;35:*.rm=01;35:*.rmvb=01;35:*.flc=01;35:*.avi=01;35:*.fli=01;35:*.flv=01;35:*.gl=01;35:*.dl=01;35:*.xcf=01;35:*.xwd=01;35:*.yuv=01;35:*.cgm=01;35:*.emf=01;35:*.ogv=01;35:*.ogx=01;35:*.aac=00;36:*.au=00;36:*.flac=00;36:*.m4a=00;36:*.mid=00;36:*.midi=00;36:*.mka=00;36:*.mp3=00;36:*.mpc=00;36:*.ogg=00;36:*.ra=00;36:*.wav=00;36:*.oga=00;36:*.opus=00;36:*.spx=00;36:*.xspf=00;36:', 'XDG_CURRENT_DESKTOP': 'ubuntu:GNOME', 'VTE_VERSION': '6800', 'WAYLAND_DISPLAY': 'wayland-0', 'GNOME_TERMINAL_SCREEN': '/org/gnome/Terminal/screen/cd6fc108_6984_435b_8a43_4edb420a53f1', 'GNOME_SETUP_DISPLAY': ':1', 'LESSCLOSE': '/usr/bin/lesspipe %s %s', 'XDG_SESSION_CLASS': 'user', 'TERM': 'xterm-256color', 'LC_IDENTIFICATION': 'ar_EG.UTF-8', 'LESSOPEN': '| /usr/bin/lesspipe %s', 'GNOME_TERMINAL_SERVICE': ':1.117', 'DISPLAY': ':0', 'SHLVL': '1', 'LC_TELEPHONE': 'ar_EG.UTF-8', 'QT_IM_MODULE': 'ibus', 'LC_MEASUREMENT': 'ar_EG.UTF-8', 'XDG_RUNTIME_DIR': '/run/user/1000', 'LC_TIME': 'ar_EG.UTF-8', 'XDG_DATA_DIRS': '/usr/share/ubuntu:/home/mohamed-elsayed/.local/share/flatpak/exports/share:/var/lib/flatpak/exports/share:/usr/local/share/:/usr/share/:/var/lib/snapd/desktop', 'GDMSESSION': 'ubuntu', 'DBUS_SESSION_BUS_ADDRESS': 'unix:path=/run/user/1000/bus', 'LC_NUMERIC': 'ar_EG.UTF-8', 'OLDPWD': '/home/mohamed-elsayed/Desktop', '_': '/home/mohamed-elsayed/Desktop/bitbake/bin/bitbake'}, ['/home/mohamed-elsayed/Desktop/bitbake/bin/bitbake', 'printhello']]
8785 17:14:49.321229 Base config valid
8785 17:14:49.321308 Sending reply (None, None)
8785 17:14:49.321385 Command Completed (socket: True)
8785 17:14:49.321519 Running command ['getVariable', 'BBINCLUDELOGS']
8785 17:14:49.321560 Sending reply (None, None)
8785 17:14:49.321595 Command Completed (socket: True)
8785 17:14:49.321744 Running command ['getVariable', 'BBINCLUDELOGS_LINES']
8785 17:14:49.321773 Sending reply (None, None)
8785 17:14:49.321810 Command Completed (socket: True)
8785 17:14:49.321905 Running command ['getSetVariable', 'BB_CONSOLELOG']
8785 17:14:49.321936 Sending reply (None, None)
8785 17:14:49.321969 Command Completed (socket: True)
8785 17:14:49.322060 Running command ['getSetVariable', 'BB_LOGCONFIG']
8785 17:14:49.322087 Sending reply (None, None)
8785 17:14:49.322121 Command Completed (socket: True)
8785 17:14:49.323253 Running command ['getUIHandlerNum']
8785 17:14:49.323281 Sending reply (1, None)
8785 17:14:49.323332 Command Completed (socket: True)
8785 17:14:49.323434 Running command ['setEventMask', 1, 20, {}, ['bb.runqueue.runQueueExitWait', 'bb.event.LogExecTTY', 'logging.LogRecord', 'bb.build.TaskFailed', 'bb.build.TaskBase', 'bb.event.ParseStarted', 'bb.event.ParseProgress', 'bb.event.ParseCompleted', 'bb.event.CacheLoadStarted', 'bb.event.CacheLoadProgress', 'bb.event.CacheLoadCompleted', 'bb.command.CommandFailed', 'bb.command.CommandExit', 'bb.command.CommandCompleted', 'bb.cooker.CookerExit', 'bb.event.MultipleProviders', 'bb.event.NoProvider', 'bb.runqueue.sceneQueueTaskStarted', 'bb.runqueue.runQueueTaskStarted', 'bb.runqueue.runQueueTaskFailed', 'bb.runqueue.sceneQueueTaskFailed', 'bb.event.BuildBase', 'bb.build.TaskStarted', 'bb.build.TaskSucceeded', 'bb.build.TaskFailedSilent', 'bb.build.TaskProgress', 'bb.event.ProcessStarted', 'bb.event.ProcessProgress', 'bb.event.ProcessFinished']]
8785 17:14:49.323456 Sending reply (True, None)
8785 17:14:49.323493 Command Completed (socket: True)
8785 17:14:49.323545 Running command ['getVariable', 'BB_DEFAULT_TASK']
8785 17:14:49.323573 Sending reply (None, None)
8785 17:14:49.323618 Command Completed (socket: True)
8785 17:14:49.323680 Running command ['setConfig', 'cmd', 'build']
8785 17:14:49.323713 Sending reply (None, None)
8785 17:14:49.323751 Command Completed (socket: True)
8785 17:14:49.323814 Running command ['buildTargets', ['printhello'], 'build']
8785 17:14:49.323852 Registering idle function <bound method Command.runAsyncCommand of <bb.command.Command object at 0x7f40a287e710>>
8785 17:14:49.323861 Sending reply (True, None)
8785 17:14:49.323901 Command Completed (socket: True)
8785 17:14:50.314756 Parsing started
8785 17:14:50.319233 Parse cache valid
8785 17:14:50.577752 Registering idle function <function BBCooker.buildTargets.<locals>.buildTargetsIdle at 0x7f40a2538e50>
8785 17:14:50.577783 Removing idle function <bound method Command.runAsyncCommand of <bb.command.Command object at 0x7f40a287e710>>
8785 17:14:50.859384 Removing idle function <function BBCooker.buildTargets.<locals>.buildTargetsIdle at 0x7f40a2538e50> at idleFinish
8785 17:14:51.110011 Processing Client
8785 17:14:51.110115 Disconnecting Client (socket: True)
8785 17:14:51.110390 Parse cache invalidated
8785 17:14:51.110419 No timeout, exiting.
8785 17:14:52.110761 Exiting (socket: True)
8785 17:14:52.111313 Exiting as we could obtain the lock
8922 17:18:41.767995 --- Starting bitbake server pid 8922 at 2025-02-23 17:18:41.767976 ---
8922 17:18:41.768936 Started bitbake server pid 8922
8922 17:18:41.769182 Entering server connection loop
8922 17:18:41.769213 Lockfile is: /home/mohamed-elsayed/Desktop/hello_world_example/bitbake.lock
Socket is /home/mohamed-elsayed/Desktop/hello_world_example/bitbake.sock (True)
8922 17:18:41.769567 Accepting [<socket.socket fd=4, family=AddressFamily.AF_UNIX, type=SocketKind.SOCK_STREAM, proto=0, laddr=bitbake.sock>] ([])
8922 17:18:41.769997 Processing Client
8922 17:18:41.770042 Connecting Client
8922 17:18:41.770347 Running command ['setFeatures', [2, 1]]
8922 17:18:41.770383 Sending reply (None, None)
8922 17:18:41.770446 Command Completed (socket: True)
8922 17:18:41.771092 Running command ['updateConfig', {'halt': True, 'force': False, 'invalidate_stamp': None, 'dry_run': False, 'dump_signatures': [], 'extra_assume_provided': [], 'profile': False, 'prefile': [], 'postfile': [], 'server_timeout': None, 'nosetscene': False, 'setsceneonly': False, 'skipsetscene': False, 'runall': [], 'runonly': None, 'writeeventlog': None, 'build_verbose_shell': False, 'build_verbose_stdout': False, 'default_loglevel': 20, 'debug_domains': {}}, {'SHELL': '/bin/bash', 'PWD': '/home/mohamed-elsayed/Desktop/hello_world_example', 'LOGNAME': 'mohamed-elsayed', 'HOME': '/home/mohamed-elsayed', 'BBPATH': '/home/mohamed-elsayed/Desktop/hello_world_example', 'USER': 'mohamed-elsayed', 'PATH': '/home/mohamed-elsayed/Desktop/bitbake:/usr/local/sbin:/usr/local/bin:/usr/sbin:/usr/bin:/sbin:/bin:/usr/games:/usr/local/games:/snap/bin:/snap/bin:/home/mohamed-elsayed/Desktop/bitbake/bin', 'LC_ALL': 'en_US.UTF-8', 'SESSION_MANAGER': 'local/mohamedelsayed-HP-ZBook-15:@/tmp/.ICE-unix/1838,unix/mohamedelsayed-HP-ZBook-15:/tmp/.ICE-unix/1838', 'QT_ACCESSIBILITY': '1', 'COLORTERM': 'truecolor', 'XDG_CONFIG_DIRS': '/etc/xdg/xdg-ubuntu:/etc/xdg', 'SSH_AGENT_LAUNCHER': 'gnome-keyring', 'XDG_MENU_PREFIX': 'gnome-', 'GNOME_DESKTOP_SESSION_ID': 'this-is-deprecated', 'LC_ADDRESS': 'ar_EG.UTF-8', 'GNOME_SHELL_SESSION_MODE': 'ubuntu', 'LC_NAME': 'ar_EG.UTF-8', 'SSH_AUTH_SOCK': '/run/user/1000/keyring/ssh', 'XMODIFIERS': '@im=ibus', 'DESKTOP_SESSION': 'ubuntu', 'LC_MONETARY': 'ar_EG.UTF-8', 'GTK_MODULES': 'gail:atk-bridge', 'XDG_SESSION_DESKTOP': 'ubuntu', 'XDG_SESSION_TYPE': 'wayland', 'SYSTEMD_EXEC_PID': '1997', 'XAUTHORITY': '/run/user/1000/.mutter-Xwaylandauth.JED312', 'USERNAME': 'mohamed-elsayed', 'IM_CONFIG_PHASE': '1', 'LC_PAPER': 'ar_EG.UTF-8', 'LANG': 'en_US.UTF-8', 'LS_COLORS': 'rs=0:di=01;34:ln=01;36:mh=00:pi=40;33:so=01;35:do=01;35:bd=40;33;01:cd=40;33;01:or=40;31;01:mi=00:su=37;41:sg=30;43:ca=30;41:tw=30;42:ow=34;42:st=37;44:ex=01;32:*.tar=01;31:*.tgz=01;31:*.arc=01;31:*.arj=01;31:*.taz=01;31:*.lha=01;31:*.lz4=01;31:*.lzh=01;31:*.lzma=01;31:*.tlz=01;31:*.txz=01;31:*.tzo=01;31:*.t7z=01;31:*.zip=01;31:*.z=01;31:*.dz=01;31:*.gz=01;31:*.lrz=01;31:*.lz=01;31:*.lzo=01;31:*.xz=01;31:*.zst=01;31:*.tzst=01;31:*.bz2=01;31:*.bz=01;31:*.tbz=01;31:*.tbz2=01;31:*.tz=01;31:*.deb=01;31:*.rpm=01;31:*.jar=01;31:*.war=01;31:*.ear=01;31:*.sar=01;31:*.rar=01;31:*.alz=01;31:*.ace=01;31:*.zoo=01;31:*.cpio=01;31:*.7z=01;31:*.rz=01;31:*.cab=01;31:*.wim=01;31:*.swm=01;31:*.dwm=01;31:*.esd=01;31:*.jpg=01;35:*.jpeg=01;35:*.mjpg=01;35:*.mjpeg=01;35:*.gif=01;35:*.bmp=01;35:*.pbm=01;35:*.pgm=01;35:*.ppm=01;35:*.tga=01;35:*.xbm=01;35:*.xpm=01;35:*.tif=01;35:*.tiff=01;35:*.png=01;35:*.svg=01;35:*.svgz=01;35:*.mng=01;35:*.pcx=01;35:*.mov=01;35:*.mpg=01;35:*.mpeg=01;35:*.m2v=01;35:*.mkv=01;35:*.webm=01;35:*.webp=01;35:*.ogm=01;35:*.mp4=01;35:*.m4v=01;35:*.mp4v=01;35:*.vob=01;35:*.qt=01;35:*.nuv=01;35:*.wmv=01;35:*.asf=01;35:*.rm=01;35:*.rmvb=01;35:*.flc=01;35:*.avi=01;35:*.fli=01;35:*.flv=01;35:*.gl=01;35:*.dl=01;35:*.xcf=01;35:*.xwd=01;35:*.yuv=01;35:*.cgm=01;35:*.emf=01;35:*.ogv=01;35:*.ogx=01;35:*.aac=00;36:*.au=00;36:*.flac=00;36:*.m4a=00;36:*.mid=00;36:*.midi=00;36:*.mka=00;36:*.mp3=00;36:*.mpc=00;36:*.ogg=00;36:*.ra=00;36:*.wav=00;36:*.oga=00;36:*.opus=00;36:*.spx=00;36:*.xspf=00;36:', 'XDG_CURRENT_DESKTOP': 'ubuntu:GNOME', 'VTE_VERSION': '6800', 'WAYLAND_DISPLAY': 'wayland-0', 'GNOME_TERMINAL_SCREEN': '/org/gnome/Terminal/screen/cd6fc108_6984_435b_8a43_4edb420a53f1', 'GNOME_SETUP_DISPLAY': ':1', 'LESSCLOSE': '/usr/bin/lesspipe %s %s', 'XDG_SESSION_CLASS': 'user', 'TERM': 'xterm-256color', 'LC_IDENTIFICATION': 'ar_EG.UTF-8', 'LESSOPEN': '| /usr/bin/lesspipe %s', 'GNOME_TERMINAL_SERVICE': ':1.117', 'DISPLAY': ':0', 'SHLVL': '1', 'LC_TELEPHONE': 'ar_EG.UTF-8', 'QT_IM_MODULE': 'ibus', 'LC_MEASUREMENT': 'ar_EG.UTF-8', 'XDG_RUNTIME_DIR': '/run/user/1000', 'LC_TIME': 'ar_EG.UTF-8', 'XDG_DATA_DIRS': '/usr/share/ubuntu:/home/mohamed-elsayed/.local/share/flatpak/exports/share:/var/lib/flatpak/exports/share:/usr/local/share/:/usr/share/:/var/lib/snapd/desktop', 'GDMSESSION': 'ubuntu', 'DBUS_SESSION_BUS_ADDRESS': 'unix:path=/run/user/1000/bus', 'LC_NUMERIC': 'ar_EG.UTF-8', 'OLDPWD': '/home/mohamed-elsayed/Desktop/hello_world_example/tmp', '_': '/home/mohamed-elsayed/Desktop/bitbake/bin/bitbake'}, ['/home/mohamed-elsayed/Desktop/bitbake/bin/bitbake', 'printhello']]
8922 17:18:41.778109 Base config valid
8922 17:18:41.778179 Sending reply (None, None)
8922 17:18:41.778263 Command Completed (socket: True)
8922 17:18:41.778435 Running command ['getVariable', 'BBINCLUDELOGS']
8922 17:18:41.778479 Sending reply (None, None)
8922 17:18:41.778528 Command Completed (socket: True)
8922 17:18:41.778630 Running command ['getVariable', 'BBINCLUDELOGS_LINES']
8922 17:18:41.778667 Sending reply (None, None)
8922 17:18:41.778709 Command Completed (socket: True)
8922 17:18:41.778813 Running command ['getSetVariable', 'BB_CONSOLELOG']
8922 17:18:41.778852 Sending reply (None, None)
8922 17:18:41.778890 Command Completed (socket: True)
8922 17:18:41.778980 Running command ['getSetVariable', 'BB_LOGCONFIG']
8922 17:18:41.779008 Sending reply (None, None)
8922 17:18:41.779043 Command Completed (socket: True)
8922 17:18:41.780146 Running command ['getUIHandlerNum']
8922 17:18:41.780163 Sending reply (1, None)
8922 17:18:41.780202 Command Completed (socket: True)
8922 17:18:41.780300 Running command ['setEventMask', 1, 20, {}, ['bb.runqueue.runQueueExitWait', 'bb.event.LogExecTTY', 'logging.LogRecord', 'bb.build.TaskFailed', 'bb.build.TaskBase', 'bb.event.ParseStarted', 'bb.event.ParseProgress', 'bb.event.ParseCompleted', 'bb.event.CacheLoadStarted', 'bb.event.CacheLoadProgress', 'bb.event.CacheLoadCompleted', 'bb.command.CommandFailed', 'bb.command.CommandExit', 'bb.command.CommandCompleted', 'bb.cooker.CookerExit', 'bb.event.MultipleProviders', 'bb.event.NoProvider', 'bb.runqueue.sceneQueueTaskStarted', 'bb.runqueue.runQueueTaskStarted', 'bb.runqueue.runQueueTaskFailed', 'bb.runqueue.sceneQueueTaskFailed', 'bb.event.BuildBase', 'bb.build.TaskStarted', 'bb.build.TaskSucceeded', 'bb.build.TaskFailedSilent', 'bb.build.TaskProgress', 'bb.event.ProcessStarted', 'bb.event.ProcessProgress', 'bb.event.ProcessFinished']]
8922 17:18:41.780319 Sending reply (True, None)
8922 17:18:41.780349 Command Completed (socket: True)
8922 17:18:41.780409 Running command ['getVariable', 'BB_DEFAULT_TASK']
8922 17:18:41.780428 Sending reply (None, None)
8922 17:18:41.780457 Command Completed (socket: True)
8922 17:18:41.780500 Running command ['setConfig', 'cmd', 'build']
8922 17:18:41.780515 Sending reply (None, None)
8922 17:18:41.780542 Command Completed (socket: True)
8922 17:18:41.780592 Running command ['buildTargets', ['printhello'], 'build']
8922 17:18:41.780653 Registering idle function <bound method Command.runAsyncCommand of <bb.command.Command object at 0x765baf846710>>
8922 17:18:41.780661 Sending reply (True, None)
8922 17:18:41.780693 Command Completed (socket: True)
8922 17:18:42.769820 Parsing started
8922 17:18:42.774839 Parse cache valid
8922 17:18:43.033937 Registering idle function <function BBCooker.buildTargets.<locals>.buildTargetsIdle at 0x765baf868e50>
8922 17:18:43.033968 Removing idle function <bound method Command.runAsyncCommand of <bb.command.Command object at 0x765baf846710>>
8922 17:18:44.322619 Removing idle function <function BBCooker.buildTargets.<locals>.buildTargetsIdle at 0x765baf868e50> at idleFinish
8922 17:18:44.574033 Processing Client
8922 17:18:44.574184 Disconnecting Client (socket: True)
8922 17:18:44.574595 Parse cache invalidated
8922 17:18:44.574667 No timeout, exiting.
8922 17:18:45.575886 Exiting (socket: True)
8922 17:18:45.576623 Exiting as we could obtain the lock
